[2018/8/11 - 22:41:40] Registros: Federico Rios le dio un(a) (Cargador D. Eagle) a Matt Growney.
[2018/8/11 - 22:42:3] Registros: Federico Rios le dio un(a) (Cargador D. Eagle) a Matt Growney.
[2018/8/11 - 22:42:38] Registros: Federico Rios le dio un(a) (Esposas) a Matt Growney.
[2018/8/11 - 22:42:44] Registros: Federico Rios le dio un(a) (Esposas) a Matt Growney.
[2018/8/11 - 23:1:38] Registros: Federico Rios le dio un(a) (Desert Eagle) a Matt Growney.
[2018/8/11 - 23:25:59] Registros: Federico Rios le dio un(a) (Desert Eagle) a Emanuel Swahitagher.
[2018/8/12 - 12:35:24] Registros: Scott Foster le dio un(a) (Desert Eagle) a Jhon Santana.
[2018/8/12 - 12:35:31] Registros: Scott Foster le dio un(a) (Cargador D. Eagle) a Jhon Santana.
[2018/8/12 - 12:35:50] Registros: Scott Foster le dio un(a) (Desert Eagle) a Hapton Treves.
[2018/8/12 - 12:36:8] Registros: Scott Foster le dio un(a) (Cargador D. Eagle) a Hapton Treves.
[2018/8/12 - 12:57:28] Registros: Federico Rios le dio un(a) (Desert Eagle) a Frank White.
[2018/8/12 - 12:57:47] Registros: Federico Rios le dio un(a) (Escopeta) a Matt Growney.
[2018/8/12 - 12:58:46] Registros: Federico Rios le dio un(a) (Cartuchos de Escopeta) a Matt Growney.
[2018/8/12 - 12:58:57] Registros: Federico Rios le dio un(a) (Cartuchos de Escopeta) a Matt Growney.
[2018/8/12 - 14:7:23] Registros: Federico Rios le dio un(a) (Desert Eagle) a Tiago Marquez.
[2018/8/12 - 14:8:19] Registros: Federico Rios le dio un(a) (Cargador D. Eagle) a Tiago Marquez.
[2018/8/12 - 14:8:30] Registros: Federico Rios le dio un(a) (Cargador D. Eagle) a Tiago Marquez.
[2018/8/12 - 14:29:9] Registros: Federico Rios le dio un(a) (Desert Eagle) a Diego Alonso.
[2018/8/12 - 14:29:29] Registros: Federico Rios le dio un(a) (Cargador D. Eagle) a Diego Alonso.
[2018/8/12 - 14:29:37] Registros: Federico Rios le dio un(a) (Cargador D. Eagle) a Diego Alonso.
[2018/8/12 - 14:30:15] Registros: Federico Rios le dio un(a) (Tasér) a Diego Alonso.
[2018/8/12 - 14:30:28] Registros: Federico Rios le dio un(a) (Esposas) a Diego Alonso.
[2018/8/12 - 15:34:7] Registros: Federico Rios le dio un(a) (Escopeta) a Emanuel Swahitagher.
[2018/8/12 - 15:34:33] Registros: Federico Rios le dio un(a) (Cartuchos de Escopeta) a Emanuel Swahitagher.
[2018/8/12 - 15:34:38] Registros: Federico Rios le dio un(a) (Cartuchos de Escopeta) a Emanuel Swahitagher.
[2018/8/12 - 15:41:20] Registros: Scott Foster le dio un(a) (Cargador D. Eagle) a Alexandra Walker.
[2018/8/12 - 15:42:21] Registros: Alexandra Walker le dio un(a) (Cargador D. Eagle) a Scott Foster.
[2018/8/12 - 16:41:45] Registros: Axel Mkanna le dio un(a) (Nudillera) a Danitza Volkov.
[2018/8/12 - 16:42:8] Registros: Axel Mkanna le dio un(a) (Desert Eagle) a Danitza Volkov.
[2018/8/12 - 17:1:44] Registros: Axel Mkanna le dio un(a) (MP5K) a Alexandra Walker.
[2018/8/12 - 17:7:34] Registros: Scott Foster le dio un(a) (Desert Eagle) a Alexandra Walker.
[2018/8/12 - 17:7:43] Registros: Scott Foster le dio un(a) (Cargador D. Eagle) a Alexandra Walker.
[2018/8/12 - 17:25:35] Registros: Axel Mkanna le dio un(a) (UZI) a Alexandra Walker.
[2018/8/12 - 17:26:26] Registros: Axel Mkanna le dio un(a) (Rifle de caza) a Alexandra Walker.
[2018/8/12 - 17:27:38] Registros: Alexandra Walker le dio un(a) (Rifle de caza) a Mayra Gonzalez.
[2018/8/12 - 17:37:57] Registros: Mayra Gonzalez le dio un(a) (Botiquin) a Alexandra Walker.
[2018/8/12 - 17:40:23] Registros: Mayra Gonzalez le dio un(a) (Rifle de caza) a Alexandra Walker.
[2018/8/12 - 17:44:6] Registros: Scott Foster le dio un(a) (Escopeta) a Alexandra Walker.
[2018/8/12 - 17:44:19] Registros: Scott Foster le dio un(a) (Cartuchos de Escopeta) a Alexandra Walker.
[2018/8/12 - 17:44:42] Registros: Scott Foster le dio un(a) (Desert Eagle) a Jhon Santana.
[2018/8/12 - 17:44:48] Registros: Scott Foster le dio un(a) (Cargador D. Eagle) a Jhon Santana.
[2018/8/12 - 17:45:33] Registros: Axel Mkanna le dio un(a) (Teléfono D) a Federico Rios.
[2018/8/12 - 17:45:51] Registros: Federico Rios le dio un(a) (Teléfono D) a Axel Mkanna.
[2018/8/12 - 17:46:21] Registros: Scott Foster le dio un(a) (Escopeta) a Jhon Santana.
[2018/8/12 - 17:46:27] Registros: Axel Mkanna le dio un(a) (Palo de golf) a Frank White.
[2018/8/12 - 17:46:28] Registros: Scott Foster le dio un(a) (Cartuchos de Escopeta) a Jhon Santana.
[2018/8/12 - 17:47:12] Registros: Axel Mkanna le dio un(a) (Desert Eagle) a Frank White.
[2018/8/12 - 18:18:37] Registros: Alejandro Isgro le dio un(a) (Caja vacía) a Alejandro Isgro.
[2018/8/12 - 18:50:47] Registros: Jays Ryder le dio un(a) (Cuchillo) a Mayra Gonzalez.
[2018/8/12 - 18:51:8] Registros: Mayra Gonzalez le dio un(a) (Cuchillo) a Scott Foster.
[2018/8/12 - 18:53:43] Registros: Jays Ryder le dio un(a) (Palanca) a Mayra Gonzalez.
[2018/8/12 - 18:56:13] Registros: Mayra Gonzalez le dio un(a) (Palanca) a Scott Foster.
[2018/8/12 - 19:22:15] Registros: Jays Ryder le dio un(a) (Bate) a Mayra Gonzalez.
[2018/8/12 - 19:27:4] Registros: Jays Ryder le dio un(a) (C. Cigarrillos) a Mayra Gonzalez.
[2018/8/12 - 19:28:3] Registros: Mayra Gonzalez le dio un(a) (C. Cigarrillos) a Jays Ryder.
[2018/8/12 - 20:20:17] Registros: Valentino Levington le dio un(a) (MP5K) a Santiago Gonzalez.
[2018/8/15 - 10:59:5] Registros: Axel Mkanna le dio un(a) (C. 45. Colt) a Axel Mkanna.
