[2018/6/24 - 10:4:8] Edinson Walker: .
[2018/6/24 - 10:4:18] Edinson Walker: .
[2018/6/25 - 0:3:55] Edinson Walker: .
[2018/6/25 - 10:6:23] James Rodriguez: :v
[2018/8/11 - 21:37:39] Axel Mkanna: xd
[2018/8/11 - 22:8:4] Axel Mkanna: Si
[2018/8/11 - 22:8:51] Axel Mkanna: /ah
[2018/8/11 - 22:10:48] Axel Mkanna: habla pelotudo xd ndeahh
[2018/8/11 - 22:10:52] Danitza Volkov: xde
[2018/8/11 - 22:10:52] Gino Woodz: ola
[2018/8/11 - 22:10:58] Axel Mkanna: ese es dueño rancio
[2018/8/11 - 22:11:10] Axel Mkanna: /ah
[2018/8/11 - 22:11:10] Gino Woodz: Dueño de mis bolas es Cruz
[2018/8/11 - 22:11:21] Danitza Volkov: Rancio sos vos ndea
[2018/8/11 - 22:15:49] Danitza Volkov: Eu axel
[2018/8/11 - 22:15:56] Danitza Volkov: Y mecanicos?
[2018/8/11 - 22:16:4] Axel Mkanna: Ni puta idea
[2018/8/11 - 22:16:11] Danitza Volkov: Esta aca pero no esta mapeado
[2018/8/11 - 22:16:11] Axel Mkanna: no encuntro la hq
[2018/8/11 - 22:16:30] Danitza Volkov: Veni mira
[2018/8/11 - 22:17:28] Axel Mkanna: banca estoy couapdo
[2018/8/11 - 22:19:8] Danitza Volkov: Axel creo que hubiera sido mejor la otra gm ;(
[2018/8/11 - 22:22:38] Danitza Volkov: Alex encontre mecanicos
[2018/8/11 - 22:23:57] Axel Mkanna: dime
[2018/8/11 - 22:24:2] Danitza Volkov: Encontre mecanicos
[2018/8/11 - 22:24:22] Axel Mkanna: dime donde
[2018/8/11 - 22:26:40] Danitza Volkov: ke
[2018/8/11 - 22:26:51] Axel Mkanna: el LG lo amuebla IC
[2018/8/11 - 22:27:0] Danitza Volkov: AHHHHH Tenes razo
[2018/8/11 - 22:27:2] Danitza Volkov: Tenes razon
[2018/8/11 - 22:27:8] Axel Mkanna: bro devuelve los stats al id
[2018/8/11 - 22:27:14] Axel Mkanna: bro devuelve los stats al id 9
[2018/8/11 - 22:27:15] Danitza Volkov: dale dale
[2018/8/11 - 22:27:32] Danitza Volkov: cmd para hablar de adm
[2018/8/11 - 22:27:39] Axel Mkanna: /b
[2018/8/11 - 22:30:5] Danitza Volkov: UH BOLUDO BANCA ES EL CUMPLEAÑOS DE MI NOVIA
[2018/8/11 - 22:30:13] Axel Mkanna: jjajajajajajajaja
[2018/8/11 - 22:30:15] Danitza Volkov: y no escribi nada AGUANTA
[2018/8/11 - 22:30:19] Danitza Volkov: A LAS 12 ESPERAME
[2018/8/11 - 22:30:23] Danitza Volkov: TE ENCARGAS UN SEG?
[2018/8/11 - 22:30:31] Axel Mkanna: se
[2018/8/11 - 22:40:46] Gino Woodz: Me tira crash con el Sobeit...
[2018/8/11 - 22:40:57] Axel Mkanna: si, le puse un antihack
[2018/8/11 - 22:41:8] Gino Woodz: A Cruz le anda xd
[2018/8/11 - 22:57:11] Danitza Volkov: YA TE AYUDO AMIGO
[2018/8/11 - 22:57:20] Danitza Volkov: Perdoname estoy mandandole a mi novia
[2018/8/11 - 22:57:22] Axel Mkanna: dale.
[2018/8/11 - 22:57:41] Danitza Volkov: Una pregunta amigo no podes agregar arriba a la izquiera los punto de niveles no?
[2018/8/11 - 22:57:54] Danitza Volkov: osea de los payday
[2018/8/11 - 22:58:5] Axel Mkanna: si prox actualizacion
[2018/8/11 - 23:8:21] Danitza Volkov: VOLVI AMIGO
[2018/8/11 - 23:8:35] Axel Mkanna: oks
[2018/8/11 - 23:8:57] Axel Mkanna: esta bien de usuarios eñ sv
[2018/8/11 - 23:9:4] Danitza Volkov: Si amigo mal
[2018/8/11 - 23:9:7] Danitza Volkov: Abrimos ayer ya 13 
[2018/8/11 - 23:9:12] Danitza Volkov: Users es un golaso
[2018/8/11 - 23:9:16] Axel Mkanna: Mal
[2018/8/11 - 23:9:38] Danitza Volkov: Que necesitas que te ayude amigo?
[2018/8/11 - 23:9:51] Axel Mkanna: por ahora nada
[2018/8/11 - 23:10:33] Danitza Volkov: donde esta el local de ropá?
[2018/8/11 - 23:11:12] Axel Mkanna: n iidea /gps
[2018/8/11 - 23:11:12] Danitza Volkov: sabes?
[2018/8/11 - 23:11:19] Axel Mkanna: hay varios locales
[2018/8/11 - 23:11:34] Danitza Volkov: y los 24 7 y eso bro? Necesito un telefono xde
[2018/8/11 - 23:11:43] Axel Mkanna: estan donde siempre
[2018/8/11 - 23:11:48] Axel Mkanna: el e unity
[2018/8/11 - 23:12:1] Axel Mkanna: afk
[2018/8/11 - 23:15:42] Danitza Volkov: Bro
[2018/8/11 - 23:15:45] Danitza Volkov: Hay un bug
[2018/8/11 - 23:18:36] Axel Mkanna: Q esta bug?
[2018/8/11 - 23:18:44] Danitza Volkov: La salida del ayuntamiento
[2018/8/11 - 23:18:48] Danitza Volkov: No se puede salir
[2018/8/11 - 23:21:10] Danitza Volkov: No hay /aa no?
[2018/8/11 - 23:21:55] Danitza Volkov: El /b se puede usar cada 30 seg
[2018/8/11 - 23:22:18] Danitza Volkov: no es mucho?
[2018/8/11 - 23:22:33] Axel Mkanna: no,tambien tienen el /w
[2018/8/11 - 23:22:45] Axel Mkanna: se pueden wispear entre ellos
[2018/8/11 - 23:22:58] Danitza Volkov: Lo que si recomiendo
[2018/8/11 - 23:23:5] Danitza Volkov: Podes cambiar la forma de correr?
[2018/8/11 - 23:23:9] Danitza Volkov: Porque la mayoria se queja de eso
[2018/8/11 - 23:23:27] Axel Mkanna: Nose q onda, la intente cambiar pero le saltaba error al compilar
[2018/8/11 - 23:24:15] Axel Mkanna: me bajo el sueño
[2018/8/11 - 23:25:23] Axel Mkanna: xd como me encanta ese cmd
[2018/8/12 - 12:8:42] Jake McKenzie: .
[2018/8/12 - 12:8:48] Axel Mkanna: /ah para ver cms
[2018/8/12 - 12:9:3] Jake McKenzie: Cuantos rangos tiene ? xd
[2018/8/12 - 12:9:24] Axel Mkanna: 5 xd
[2018/8/12 - 12:9:31] Jake McKenzie: Dejame probar xd
[2018/8/12 - 12:9:34] Axel Mkanna: 1 Ayudante q es como mod
[2018/8/12 - 12:9:58] Jake McKenzie: ALV
[2018/8/12 - 12:10:16] Jake McKenzie: Soy GO ;v
[2018/8/12 - 12:10:28] Axel Mkanna: skin 217
[2018/8/12 - 12:10:36] Axel Mkanna: /darskin
[2018/8/12 - 12:11:11] Axel Mkanna: Mira el ayunta
[2018/8/12 - 12:11:18] Axel Mkanna: por dentro
[2018/8/12 - 12:11:47] Jake McKenzie: ALV, a quien le robaste esto ;:v
[2018/8/12 - 12:12:0] Axel Mkanna: deja de hablar ahi pto
[2018/8/12 - 12:12:1] Jake McKenzie: No me deja el /ao :c
[2018/8/12 - 12:12:17] Jake McKenzie: Yo no lo veo entonces xd
[2018/8/12 - 12:12:24] Axel Mkanna: yo si xd
[2018/8/12 - 12:12:25] Jake McKenzie: manda un /ao a ver como se ve xd
[2018/8/12 - 12:14:12] Jake McKenzie: Tenes 54k :v
[2018/8/12 - 12:15:35] Jake McKenzie: para que es el /cpantalla ?
[2018/8/12 - 12:16:51] Jake McKenzie: Me gusta esta GM
[2018/8/12 - 12:16:58] Jake McKenzie: Me voy a bañar, ya vengo
[2018/8/12 - 12:20:12] John Marius: Hi 
[2018/8/12 - 12:20:20] Axel Mkanna: hola /ah para ver cmds
[2018/8/12 - 12:20:33] John Marius: Ouu esta genial , voy a inspeccionar la gm 
[2018/8/12 - 12:21:32] John Marius: Y aqui no se puede editar las fac´s?
[2018/8/12 - 12:22:25] John Marius: No se ven todas las facs
[2018/8/12 - 12:23:33] John Marius: No tengo acceso al cmd ao xd
[2018/8/12 - 12:28:17] John Marius: te anda el /ao ?
[2018/8/12 - 12:28:25] Axel Mkanna: Si
[2018/8/12 - 12:28:29] Axel Mkanna: Deja de hacer flood
[2018/8/12 - 12:28:50] John Marius: Me re buggie, relogueo
[2018/8/12 - 12:28:54] Axel Mkanna: xd ok
[2018/8/12 - 12:41:25] John Marius: No crees que los users deberian empezar con mas dinero ?
[2018/8/12 - 12:41:39] Axel Mkanna: Si
[2018/8/12 - 12:41:49] Axel Mkanna: 10K 
[2018/8/12 - 12:41:59] Axel Mkanna: Eso lo arreglare en la prox actualizacion
[2018/8/12 - 12:42:9] John Marius: se , como que les alcance para un transporte barato
[2018/8/12 - 12:42:49] John Marius: Hay que hacerlo un poco fruta, luego le vas agregando dificultad
[2018/8/12 - 12:43:17] John Marius: Al final con respecto a las facciones como es porque no aparecen nombres ni nada
[2018/8/12 - 12:43:26] Axel Mkanna: /faccciones
[2018/8/12 - 12:43:48] John Marius: se, le doy doble clicks y nada che
[2018/8/12 - 12:44:25] Axel Mkanna: Ah, si ni idea q onda con eso, son esas las faccs, desoues las ilegales
[2018/8/12 - 12:44:33] Axel Mkanna: son familias
[2018/8/12 - 12:44:36] Axel Mkanna: de eso me encargo yo
[2018/8/12 - 12:44:47] John Marius: Mejor mejor que se divida eso
[2018/8/12 - 12:45:11] John Marius: Bueno, tendre que anotar en un block, hasta ahora que faccs legales diste a quienes?
[2018/8/12 - 12:45:35] Axel Mkanna: LSPD Ocupada por Valentin y scott- SAD ocupada por ferico rios
[2018/8/12 - 12:45:41] Axel Mkanna: GOB ocupada por vitorio caponne
[2018/8/12 - 12:46:17] Axel Mkanna: solo queda LSTV-S.E.C
[2018/8/12 - 12:46:24] Axel Mkanna: SAEM.
[2018/8/12 - 12:46:26] John Marius: Okas, seguimos con eso de via foro ? 
[2018/8/12 - 12:46:30] Axel Mkanna: Si
[2018/8/12 - 12:47:47] John Marius: macrigato
[2018/8/12 - 12:47:52] Axel Mkanna: jsjsjsjsjsjs
[2018/8/12 - 12:54:55] Axel Mkanna: john
[2018/8/12 - 12:55:1] John Marius: si
[2018/8/12 - 12:55:9] Axel Mkanna: AFK estare haciendo unos formato e nforo para crear casas
[2018/8/12 - 12:55:21] John Marius: oka anda tranqui
[2018/8/12 - 13:38:7] John Marius: :v
[2018/8/12 - 13:39:13] Axel Mkanna: >v
[2018/8/12 - 13:39:21] Axel Mkanna: .v
[2018/8/12 - 13:39:26] Axel Mkanna: relogueo
[2018/8/12 - 13:39:45] John Marius: oka
[2018/8/12 - 13:43:48] John Marius: Che gs  no esta activa no ?
[2018/8/12 - 13:43:58] Axel Mkanna: GS?
[2018/8/12 - 13:44:3] John Marius: groove street
[2018/8/12 - 13:44:15] Axel Mkanna: No, en ese caso se hace la fmailia.
[2018/8/12 - 13:47:24] John Marius: Le hago test  ig no ams entonces al id  4 ?
[2018/8/12 - 13:47:48] Axel Mkanna: no, solo /foro
[2018/8/12 - 13:49:33] John Marius: Diste a alguien mecaniso ?
[2018/8/12 - 13:49:37] John Marius: mecanicos
[2018/8/12 - 13:49:45] John Marius: alta dislexia me agarro
[2018/8/12 - 13:49:58] Axel Mkanna: Mecanicos No existe, en ese caso el taller mecanico es una empresa
[2018/8/12 - 13:50:14] John Marius: Como un trabajo ?
[2018/8/12 - 13:50:15] Axel Mkanna: La empresa se compra IG
[2018/8/12 - 13:50:23] John Marius: Ahhh
[2018/8/12 - 13:50:26] Axel Mkanna: Mas o menos igual a una fam
[2018/8/12 - 13:52:35] John Marius: Vi en foro que buscas mas staff helpers
[2018/8/12 - 13:53:8] Axel Mkanna: si
[2018/8/12 - 13:54:2] John Marius: estaria bueno recalcar eso cuando vaya a publicitar en paginas 
[2018/8/12 - 13:54:26] John Marius: aprovechando la cantidad ire a postear, afk un toque
[2018/8/12 - 14:14:42] Axel Mkanna: john
[2018/8/12 - 14:17:14] John Marius: aqui ando
[2018/8/12 - 14:17:19] Axel Mkanna: oks
[2018/8/12 - 14:17:49] Axel Mkanna: Viste lla postulacion 
[2018/8/12 - 14:18:3] Axel Mkanna: a LG
[2018/8/12 - 14:18:5] John Marius: recien me comenta, ahi me fijo
[2018/8/12 - 14:18:9] Axel Mkanna: oks
[2018/8/12 - 14:20:7] Danitza Volkov: Que onda vieja
[2018/8/12 - 14:20:15] Axel Mkanna: ola bro
[2018/8/12 - 14:20:16] Danitza Volkov: Recien termino de comer turromanticos
[2018/8/12 - 14:20:29] Axel Mkanna: Coloque casas nuevas en todo el server
[2018/8/12 - 14:20:31] Danitza Volkov: PIola los 12 users ee
[2018/8/12 - 14:20:37] Danitza Volkov: Posta? A ver veamoss
[2018/8/12 - 14:20:49] Axel Mkanna: Tienes que acercarte a la puerta.
[2018/8/12 - 14:21:27] Axel Mkanna: Aqui
[2018/8/12 - 14:21:42] Axel Mkanna: Tienes en vinewood ,Groove,La playa ,aqui
[2018/8/12 - 14:21:47] Danitza Volkov: No podes poner las casitas?
[2018/8/12 - 14:21:51] Danitza Volkov: Tipo que se vea?
[2018/8/12 - 14:22:4] Axel Mkanna: No,No tiene ese sistema, es diferente al otro
[2018/8/12 - 14:22:11] Danitza Volkov: Ah Igual esta piola
[2018/8/12 - 14:22:22] Axel Mkanna: Pero prefiero este,porque podes amueblarla a gusto
[2018/8/12 - 14:22:39] Danitza Volkov: Claro mas completo re piola
[2018/8/12 - 14:22:42] Axel Mkanna: Estare roleando
[2018/8/12 - 14:22:50] Danitza Volkov: Oka
[2018/8/12 - 14:23:15] Danitza Volkov: El gps esta mal
[2018/8/12 - 14:23:18] Danitza Volkov: Tipo el taller mecanico
[2018/8/12 - 14:23:24] Danitza Volkov: Sale donde esta LSPD ;(
[2018/8/12 - 14:23:26] Axel Mkanna: Si lo se xd
[2018/8/12 - 14:23:36] Danitza Volkov: xde ya hay LG De mecanicos?
[2018/8/12 - 14:24:18] Axel Mkanna: No esta la facc mecas, mecanicos ahora es una empresa,cualquiera puede tenerla
[2018/8/12 - 14:24:24] Axel Mkanna: se compra IG
[2018/8/12 - 14:24:29] Axel Mkanna: es como un negocio
[2018/8/12 - 14:24:44] Danitza Volkov: Ah listo, osea y tunean auto y esas boludeces igual?
[2018/8/12 - 14:26:17] Danitza Volkov: Tenemos que solucionar el problema de /gps porque esta todo mal xd
[2018/8/12 - 14:27:3] John Marius: hellow danitza , como estas linda
[2018/8/12 - 14:27:21] Danitza Volkov: Hola mi amor <3
[2018/8/12 - 14:28:49] John Marius: No le daré la facc a fernando, me gustaría pero no compelto bien el formato 
[2018/8/12 - 14:29:7] John Marius: y me acaba de mandar  mp diciendome "weon me das licencia de conducir"?
[2018/8/12 - 14:29:9] John Marius: xdddd
[2018/8/12 - 14:31:43] John Marius: se buguea el checkpoint del camionero
[2018/8/12 - 14:31:54] Danitza Volkov: Se bugea?
[2018/8/12 - 14:32:12] Danitza Volkov: Alex podes aceptar esa?
[2018/8/12 - 14:32:12] John Marius: si, y no anda el /checkpoint
[2018/8/12 - 14:32:19] Danitza Volkov: Aver ahi me fijo john banca
[2018/8/12 - 14:33:14] Danitza Volkov: Para salamin
[2018/8/12 - 14:33:17] Danitza Volkov: Chupa pijka
[2018/8/12 - 14:33:19] Danitza Volkov: ndea
[2018/8/12 - 14:33:21] John Marius: JAJAJAJ
[2018/8/12 - 14:33:30] John Marius: baitea3
[2018/8/12 - 14:39:46] John Marius: No entiendo nada
[2018/8/12 - 14:39:48] John Marius: xd
[2018/8/12 - 14:42:57] John Marius: estoy mas pobre 
[2018/8/12 - 14:43:48] Axel Mkanna: dile que ya no
[2018/8/12 - 14:45:44] John Marius: esas motitos de los pd JAJAJAJA
[2018/8/12 - 14:46:10] John Marius: che danitza tienes el mod volar?
[2018/8/12 - 14:47:15] Jake McKenzie: ¿Porqué no las crean? ._.
[2018/8/12 - 14:47:23] Jake McKenzie: No es díficil de hacer.
[2018/8/12 - 14:47:24] John Marius: give me  the  puguer
[2018/8/12 - 14:47:52] John Marius: creo que solo axl tiene el pdoer
[2018/8/12 - 14:47:55] John Marius: poder
[2018/8/12 - 14:48:2] Axel Mkanna: despues la creo
[2018/8/12 - 14:49:27] John Marius: tenemo ?
[2018/8/12 - 14:49:30] Axel Mkanna: no xd
[2018/8/12 - 14:49:42] John Marius: Hace un grupo, para que haya mas comunidad
[2018/8/12 - 14:49:51] Axel Mkanna: alguien quiero hacerlo?
[2018/8/12 - 14:50:1] Axel Mkanna: estoy creando uan fam, ando coupado
[2018/8/12 - 14:50:9] John Marius: hago una votacion a ver si quieren ? porque sino va a ser al pedo
[2018/8/12 - 14:50:14] Jake McKenzie: Axel, usa el de American, todavia tengo el admin ahí
[2018/8/12 - 14:50:36] Axel Mkanna: Eso,Usemos esa. hazla jake
[2018/8/12 - 14:51:28] Jake McKenzie: AFL
[2018/8/12 - 14:51:31] Jake McKenzie: AFK*
[2018/8/12 - 14:51:34] John Marius: okas
[2018/8/12 - 14:51:52] John Marius: seguimos dando recompenzas por que inviten amigos?
[2018/8/12 - 14:54:10] John Marius: xd
[2018/8/12 - 14:58:0] John Marius: comoe ra para que me aparezcan las ids d elos coches
[2018/8/12 - 14:58:11] Jake McKenzie: Facebook de mierda
[2018/8/12 - 14:58:15] John Marius: xd
[2018/8/12 - 14:58:16] Axel Mkanna: /dl
[2018/8/12 - 14:58:25] John Marius: ty
[2018/8/12 - 14:58:40] Jake McKenzie: No me aceptaron el cambio de nombre de la pagina, toca intentar ahora
[2018/8/12 - 14:58:49] John Marius: No entiendo la pregunta dle id 12
[2018/8/12 - 14:59:17] Jake McKenzie: Axel, mandame el banner del sv por WS
[2018/8/12 - 14:59:18] Axel Mkanna: ya empiezen a meter jail
[2018/8/12 - 14:59:24] Axel Mkanna: de pocos minutos,pero metan
[2018/8/12 - 14:59:56] John Marius: oka, andaba dando advertencias
[2018/8/12 - 15:2:11] Danitza Volkov: Volvi
[2018/8/12 - 15:2:14] Danitza Volkov: Tuve un re problema vieja
[2018/8/12 - 15:2:19] Danitza Volkov: lpm
[2018/8/12 - 15:2:29] Danitza Volkov: Disculpen
[2018/8/12 - 15:2:30] John Marius: tenes  1/3 dijo axel
[2018/8/12 - 15:2:41] Danitza Volkov: Yo?
[2018/8/12 - 15:2:42] Danitza Volkov: what
[2018/8/12 - 15:2:42] Axel Mkanna: xd
[2018/8/12 - 15:2:45] John Marius: si
[2018/8/12 - 15:2:47] Axel Mkanna: mentira hdp
[2018/8/12 - 15:2:47] Danitza Volkov: porque wea
[2018/8/12 - 15:2:50] John Marius: la proxima te saca dijo 
[2018/8/12 - 15:2:54] Danitza Volkov: Okey chau hackeo todo el sv
[2018/8/12 - 15:2:55] Danitza Volkov: NDEAH
[2018/8/12 - 15:2:59] John Marius: ajajajajaja 
[2018/8/12 - 15:2:59] Axel Mkanna: NDEWAHHHH
[2018/8/12 - 15:3:10] Danitza Volkov: qUE TE ME COPIAS LOS LENTES
[2018/8/12 - 15:3:13] Danitza Volkov: LA CONCHA DE TU MADRE
[2018/8/12 - 15:3:30] John Marius: noooooooooo
[2018/8/12 - 15:3:32] Danitza Volkov: telefonooff
[2018/8/12 - 15:3:34] John Marius: mismos gustos prro
[2018/8/12 - 15:3:48] John Marius: No dieron saem aun no ?
[2018/8/12 - 15:4:1] Axel Mkanna: no
[2018/8/12 - 15:4:3] Jake McKenzie: Que 1/3 ahora se casa de una al que no haga caso y listo
[2018/8/12 - 15:4:13] John Marius: pero aguantia malo
[2018/8/12 - 15:4:18] Danitza Volkov: Quien es este
[2018/8/12 - 15:4:27] Jake McKenzie: Tu padre
[2018/8/12 - 15:4:27] Danitza Volkov: NDEAH
[2018/8/12 - 15:4:35] Danitza Volkov: Entonces me violas?
[2018/8/12 - 15:4:41] Danitza Volkov: xde
[2018/8/12 - 15:4:45] Danitza Volkov: xde
[2018/8/12 - 15:4:45] Axel Mkanna: JAJAJA JRE TURBIO
[2018/8/12 - 15:4:52] Jake McKenzie: .-.
[2018/8/12 - 15:4:52] John Marius: ajajajajaja ya c me paró y todo
[2018/8/12 - 15:5:34] John Marius: se siguen dando recompenzas por que traigan users?
[2018/8/12 - 15:5:45] Axel Mkanna: si 500$ por cda user
[2018/8/12 - 15:5:58] John Marius: paso un raton y te grito pobre
[2018/8/12 - 15:6:0] Danitza Volkov: Cmd?
[2018/8/12 - 15:6:11] Axel Mkanna: /dardinero
[2018/8/12 - 15:6:20] Danitza Volkov: Gato lo iba a aceptar ;(
[2018/8/12 - 15:7:8] John Marius: no digas la recompenza porque se cagan de risa ndeah
[2018/8/12 - 15:7:42] Danitza Volkov: DA NO TENGO ACCESO PARA DAR DINERO
[2018/8/12 - 15:7:53] John Marius: che, a mecanicos habria que hacerla facc, es despues de lspd la que mas rol tiene
[2018/8/12 - 15:7:55] John Marius: che, a mecanicos habria que hacerla facc
[2018/8/12 - 15:7:55] Axel Mkanna: /darstat
[2018/8/12 - 15:8:9] John Marius: verga que tengo lg?
[2018/8/12 - 15:8:9] Danitza Volkov: No aparece en darstat 
[2018/8/12 - 15:8:39] John Marius: no es que no aparece, sos muy pete para usaro, y me incluyo xd
[2018/8/12 - 15:8:50] Danitza Volkov: Ojala te mueras de cancer vos y toda tu familia
[2018/8/12 - 15:8:53] Danitza Volkov: Nda
[2018/8/12 - 15:8:55] Danitza Volkov: ndeah
[2018/8/12 - 15:8:57] John Marius: yo ya estoy muerto
[2018/8/12 - 15:9:3] John Marius: de ganas de besarte
[2018/8/12 - 15:9:42] Jake McKenzie: WTF
[2018/8/12 - 15:9:43] John Marius: ke
[2018/8/12 - 15:10:8] John Marius: de como lo baneaste xdestaba re denso?
[2018/8/12 - 15:10:18] Danitza Volkov: Porque lo baneaste?
[2018/8/12 - 15:10:26] Axel Mkanna: Queria staff,querai fam queria decirme como trabajo mal etc
[2018/8/12 - 15:10:31] Axel Mkanna: Estaba re denso
[2018/8/12 - 15:10:43] Danitza Volkov: Le hubieras dicho que no haga flood
[2018/8/12 - 15:10:46] Axel Mkanna: todo sin postulacion porque "Era un buen webmaster"
[2018/8/12 - 15:10:51] Danitza Volkov: Y lo metias jail ;(
[2018/8/12 - 15:10:52] John Marius: si bro, tene cuidado con eso
[2018/8/12 - 15:11:14] Axel Mkanna: Fue el pibe
[2018/8/12 - 15:11:26] John Marius: te hubieras bloqueado los whisp xd , pero asi te van a hacer mala fama
[2018/8/12 - 15:11:41] John Marius: donde estan las fabricas
[2018/8/12 - 15:11:43] Danitza Volkov: Pregunta cmd para dar dinero no esta disponible no?
[2018/8/12 - 15:12:4] Axel Mkanna: es /dardinero
[2018/8/12 - 15:12:13] Danitza Volkov: Y porque wea no puedo?
[2018/8/12 - 15:12:20] John Marius: no, el dice que quiere dar dinero con cmd adm
[2018/8/12 - 15:12:30] Danitza Volkov: Eso decia claramente
[2018/8/12 - 15:12:42] Axel Mkanna: si es /darindero el cmd admin xd
[2018/8/12 - 15:12:53] Danitza Volkov: Me dice que no tengo acceso
[2018/8/12 - 15:13:6] Axel Mkanna: y /darstat
[2018/8/12 - 15:13:11] Danitza Volkov: En dar stat no aparece
[2018/8/12 - 15:13:17] Danitza Volkov: osea aparece todo menos la money
[2018/8/12 - 15:13:42] John Marius: /setmoney (?
[2018/8/12 - 15:13:54] Axel Mkanna: wtf
[2018/8/12 - 15:14:1] Danitza Volkov: Tampoco xde
[2018/8/12 - 15:14:39] Danitza Volkov: Es rarisimo
[2018/8/12 - 15:14:44] Axel Mkanna: x2
[2018/8/12 - 15:14:46] Danitza Volkov: Porque tengo el mismo rango que vos alex
[2018/8/12 - 15:15:22] John Marius: Respawnea eso mira
[2018/8/12 - 15:15:27] John Marius: /respawncar 236
[2018/8/12 - 15:15:41] John Marius: xd
[2018/8/12 - 15:16:2] John Marius: de quien es 
[2018/8/12 - 15:16:20] John Marius: fijate el dueño boludo
[2018/8/12 - 15:16:21] Danitza Volkov: Mirame john
[2018/8/12 - 15:16:25] Danitza Volkov: No me sale
[2018/8/12 - 15:16:28] Danitza Volkov: El dueño
[2018/8/12 - 15:16:28] John Marius: jajajajaa
[2018/8/12 - 15:16:43] Danitza Volkov: Le cabio por gato
[2018/8/12 - 15:16:53] John Marius: de una prri
[2018/8/12 - 15:17:1] John Marius: borralo ya fue (? 
[2018/8/12 - 15:17:14] Danitza Volkov: JAJAJAJAJAJ
[2018/8/12 - 15:17:27] John Marius: en el momento que estaba en aire ya sabia
[2018/8/12 - 15:17:35] Danitza Volkov: Subite
[2018/8/12 - 15:17:49] Axel Mkanna: AFK me estoy cagando foerte
[2018/8/12 - 15:18:49] Danitza Volkov: 15 users ea
[2018/8/12 - 15:18:54] John Marius: ea
[2018/8/12 - 15:19:4] John Marius: seguire publicitando
[2018/8/12 - 15:19:38] Jake McKenzie: Para que vergas se hacen TP en medio de un rol -.-
[2018/8/12 - 15:19:49] Jake McKenzie: para algo existe el /spec
[2018/8/12 - 15:19:55] John Marius: No me gusta en estos caso
[2018/8/12 - 15:20:4] Jake McKenzie: Pero deja que sigan el rol
[2018/8/12 - 15:20:10] Jake McKenzie: Estoy specteando
[2018/8/12 - 15:20:19] John Marius: Yo le sdije algo?
[2018/8/12 - 15:20:30] Jake McKenzie: DIOS
[2018/8/12 - 15:20:37] John Marius: me suelen llamar asi
[2018/8/12 - 15:20:39] Jake McKenzie: Axel...
[2018/8/12 - 15:20:42] John Marius: pero peudes decirme marius
[2018/8/12 - 15:20:56] Jake McKenzie: PERO PARA ALGO ESTA EL /SPECCCC NO ENTENDES
[2018/8/12 - 15:22:55] Danitza Volkov: 16 users
[2018/8/12 - 15:23:37] John Marius: danitza
[2018/8/12 - 15:23:46] Danitza Volkov: Que
[2018/8/12 - 15:23:51] John Marius: vas a regalar el pack o que
[2018/8/12 - 15:23:56] Danitza Volkov: Estaba pensando eso
[2018/8/12 - 15:24:49] Danitza Volkov: Me reconocieron de gs
[2018/8/12 - 15:24:54] Danitza Volkov: Che alex
[2018/8/12 - 15:25:0] Danitza Volkov: Porque se puede dar 1 sola vez regalo?
[2018/8/12 - 15:25:6] Danitza Volkov: Como se forza el payday?
[2018/8/12 - 15:25:25] Axel Mkanna: Todavia ni lo decubri a ese cmd
[2018/8/12 - 15:25:41] Danitza Volkov: regalo a todos seriia ahora me voy a fijar
[2018/8/12 - 15:26:10] Jake McKenzie: /kick 14 Pidelo IC
[2018/8/12 - 15:26:50] Jake McKenzie: Mentiras xd, ando todavia como en el .es :v
[2018/8/12 - 15:27:10] John Marius: yo advierto no mas en mg
[2018/8/12 - 15:27:13] John Marius: por ahora
[2018/8/12 - 15:28:5] Axel Mkanna: dime bro
[2018/8/12 - 15:28:17] Jake McKenzie: Ya tenes normas de Staff ?
[2018/8/12 - 15:28:47] Axel Mkanna: Dueño
[2018/8/12 - 15:29:12] Danitza Volkov: /ah
[2018/8/12 - 15:31:4] Jake McKenzie: Puedo crear incendios :v
[2018/8/12 - 15:31:18] John Marius: el asunto es como apagarlos (?
[2018/8/12 - 15:31:27] Axel Mkanna: :v
[2018/8/12 - 15:31:27] Jake McKenzie: Bomberos
[2018/8/12 - 15:31:35] John Marius: creo que era  /afuego
[2018/8/12 - 15:31:57] John Marius: cuando era adm en gs casi banean a danitza creo por creao muchos fuegos 
[2018/8/12 - 15:32:2] Jake McKenzie: axel dame la facc de bomberos, asi miro eso del incendio
[2018/8/12 - 15:32:6] John Marius: de ahi me quedo grabado el cmd de apagrlos ajajaja
[2018/8/12 - 15:32:18] Axel Mkanna: no existe mas
[2018/8/12 - 15:32:31] Axel Mkanna: dime la ID
[2018/8/12 - 15:32:49] Jake McKenzie: puedo prender una casa y un negocio ;v
[2018/8/12 - 15:33:1] Axel Mkanna: nmms ni tenemos bomboeros xd
[2018/8/12 - 15:33:16] Jake McKenzie: LSFD
[2018/8/12 - 15:33:34] Jake McKenzie: Debe ser lo mismo que en el .es, dame para probarlo
[2018/8/12 - 15:33:38] Axel Mkanna: mal
[2018/8/12 - 15:33:54] Axel Mkanna: foro
[2018/8/12 - 15:34:2] Jake McKenzie: :;v
[2018/8/12 - 15:34:9] Jake McKenzie: Jonh
[2018/8/12 - 15:34:17] John Marius: ese de network workshop ni idea 
[2018/8/12 - 15:34:20] Jake McKenzie: hn*
[2018/8/12 - 15:34:28] Jake McKenzie: es la television
[2018/8/12 - 15:34:43] Axel Mkanna: No esta xd
[2018/8/12 - 15:34:54] Axel Mkanna: aparece una q dice /diadepaga
[2018/8/12 - 15:35:8] Axel Mkanna: Jhon se tedria q encargar de eso xd
[2018/8/12 - 15:35:16] Danitza Volkov: John sorete encargate
[2018/8/12 - 15:35:19] Danitza Volkov: Porque nos re preguntan
[2018/8/12 - 15:35:25] John Marius: Nadie quiere las que quedan xd
[2018/8/12 - 15:35:36] John Marius: Y mandenlos conmigo
[2018/8/12 - 15:35:38] Danitza Volkov: Que facciones estan libres?
[2018/8/12 - 15:35:57] Jake McKenzie: como era para mirar la id de un negocio axel ?
[2018/8/12 - 15:35:57] John Marius: ejercito y noticiero saem ls new{s
[2018/8/12 - 15:36:10] Axel Mkanna: No, la intente poner y me saltaba errores por tods lados
[2018/8/12 - 15:36:28] Axel Mkanna: /diadepaga
[2018/8/12 - 15:36:45] Jake McKenzie: como era para mirar la id de un negocio axel ?
[2018/8/12 - 15:36:49] Axel Mkanna: dueño
[2018/8/12 - 15:37:11] Axel Mkanna: ahi?
[2018/8/12 - 15:37:32] Axel Mkanna: Se
[2018/8/12 - 15:38:1] John Marius: Quitenle restricciones a los de lspd
[2018/8/12 - 15:38:8] Axel Mkanna: listo ya esta
[2018/8/12 - 15:38:12] John Marius: de diez
[2018/8/12 - 15:38:20] John Marius: cmd ?
[2018/8/12 - 15:38:29] Danitza Volkov: darstat
[2018/8/12 - 15:38:35] Jake McKenzie: No se prende :c
[2018/8/12 - 15:38:36] John Marius: gg
[2018/8/12 - 15:38:54] Axel Mkanna: me parece lo mismo q avos
[2018/8/12 - 15:39:35] Axel Mkanna: No o puse nda en scripts 
[2018/8/12 - 15:39:38] Axel Mkanna: TRodo es IG
[2018/8/12 - 15:40:14] Danitza Volkov: John a vos te anda /dardinero?
[2018/8/12 - 15:40:24] John Marius: que me va a andar si soy lvl 3 nabo xd
[2018/8/12 - 15:40:31] Danitza Volkov: xde
[2018/8/12 - 15:40:39] Axel Mkanna: Tienen la /fabrica
[2018/8/12 - 15:40:42] Axel Mkanna: Para eso existe
[2018/8/12 - 15:40:59] Jake McKenzie: q lendo
[2018/8/12 - 15:41:2] John Marius: see
[2018/8/12 - 15:41:10] John Marius: pone el naranja
[2018/8/12 - 15:41:21] John Marius: si ya es de siesta (?
[2018/8/12 - 15:41:24] Jake McKenzie: ALV
[2018/8/12 - 15:41:46] John Marius: alv!
[2018/8/12 - 15:41:47] Danitza Volkov: Paren ranciso
[2018/8/12 - 15:41:58] John Marius: el de la lluvia 
[2018/8/12 - 15:42:7] John Marius: ese ya fue
[2018/8/12 - 15:42:20] Jake McKenzie: Ya mucho
[2018/8/12 - 15:42:21] Jake McKenzie: xd
[2018/8/12 - 15:42:27] John Marius: quitenle la restri al id 14
[2018/8/12 - 15:43:32] Axel Mkanna: /guardar
[2018/8/12 - 15:43:50] Axel Mkanna: podes ahora' ndeahhh
[2018/8/12 - 15:45:27] Jake McKenzie: Ahora si me voy, tengo que viajar
[2018/8/12 - 15:45:34] Jake McKenzie: Nos vemos el fin de semana
[2018/8/12 - 15:45:37] Axel Mkanna: oks nos vemos
[2018/8/12 - 15:45:40] John Marius: alv, nv 
[2018/8/12 - 15:49:34] Axel Mkanna: /pagar
[2018/8/12 - 15:51:57] John Marius: deberian haber motos de renta
[2018/8/12 - 15:52:1] Axel Mkanna: mal si y otras cosas mas
[2018/8/12 - 15:52:11] Axel Mkanna: Si agreguare eso
[2018/8/12 - 15:52:38] John Marius: jobs de remisero tamb , job de trapito ndeah
[2018/8/12 - 15:52:46] Axel Mkanna: jajajajaja
[2018/8/12 - 15:53:44] Axel Mkanna: /spec
[2018/8/12 - 15:53:56] John Marius: estoy en eso, con el id 0
[2018/8/12 - 15:56:23] John Marius: que lastima cuando un poli no sabe el pit lag
[2018/8/12 - 15:56:38] John Marius: porque cuando lo sabe es muy epico
[2018/8/12 - 15:56:38] Axel Mkanna: xD
[2018/8/12 - 15:56:55] Danitza Volkov: TANTO LO VA A CORRER JAJAJAJAJJA YO YA ME HUBIESE CANSADO
[2018/8/12 - 15:57:4] Axel Mkanna: mallll
[2018/8/12 - 15:57:8] John Marius: mal
[2018/8/12 - 15:57:14] Axel Mkanna: Nohn entra discord
[2018/8/12 - 15:57:29] John Marius: mira se cansaron ajajajaja
[2018/8/12 - 15:57:33] Axel Mkanna: John*
[2018/8/12 - 15:57:47] John Marius: ahi voy
[2018/8/12 - 15:57:54] Danitza Volkov: KE HACEN
[2018/8/12 - 15:59:14] Axel Mkanna: si lo roleo, con em megafono, el no puede salir de la patrulla,hasta que ellos salgan.
[2018/8/12 - 16:2:46] John Marius: me voy che, vuelvo en 3 horas por ahi
[2018/8/12 - 16:3:8] John Marius: va creciendo el sv eh ayer eran  9 hoy llegamos a  19
[2018/8/12 - 16:4:1] Axel Mkanna: Mall
[2018/8/12 - 16:5:32] Danitza Volkov: AFK
[2018/8/12 - 16:9:20] Axel Mkanna: Estoy spec
[2018/8/12 - 16:9:28] Axel Mkanna: atranqui
[2018/8/12 - 16:9:45] Axel Mkanna: Wtf
[2018/8/12 - 16:12:27] Axel Mkanna: AFK
[2018/8/12 - 16:17:23] Axel Mkanna: volvi
[2018/8/12 - 16:17:56] Axel Mkanna: Lo estaba spec, si respondio
[2018/8/12 - 16:18:31] Axel Mkanna: "Sheriff del conando de los santos"
[2018/8/12 - 16:19:9] Axel Mkanna: no
[2018/8/12 - 16:19:14] Axel Mkanna: dime
[2018/8/12 - 16:19:24] Axel Mkanna: dale
[2018/8/12 - 16:27:48] Axel Mkanna: el de sv anterior
[2018/8/12 - 16:27:49] Nicolas Black: Gracias 
[2018/8/12 - 16:28:15] Axel Mkanna: /ah para ver cmds
[2018/8/12 - 16:28:21] Nicolas Black: Si, eso miraba
[2018/8/12 - 16:29:7] Nicolas Black: Hoy paso a Rango 2 Cierto?
[2018/8/12 - 16:30:26] Nicolas Black: Axel Ven Ploxx
[2018/8/12 - 16:30:39] Danitza Volkov: ?
[2018/8/12 - 16:34:5] Nicolas Black: Axel y los Stats que teniamos :V
[2018/8/12 - 16:34:14] Axel Mkanna: se esfumaron
[2018/8/12 - 16:34:29] Nicolas Black: Ahh, Y como hago mi empresa
[2018/8/12 - 16:34:39] Axel Mkanna: f/oro
[2018/8/12 - 16:34:43] Axel Mkanna: /ooro
[2018/8/12 - 16:35:3] Nicolas Black: ¿DESDE EL FORO?
[2018/8/12 - 16:35:55] Nicolas Black: Podre ser LG, De Sheriff? 
[2018/8/12 - 16:36:16] Axel Mkanna: No, aemas esta ocupado
[2018/8/12 - 16:36:39] Nicolas Black: Ok, y Hoy subire de RANK cierto? 
[2018/8/12 - 16:36:55] Axel Mkanna: la semana q viene
[2018/8/12 - 16:36:59] Axel Mkanna: No la otra
[2018/8/12 - 16:37:4] Axel Mkanna: :v
[2018/8/12 - 16:37:12] Nicolas Black: ._.
[2018/8/12 - 16:37:28] Axel Mkanna: Acordate q no es la misma GM, Ahora mismo no sos helper, si no sos mod
[2018/8/12 - 16:37:46] Nicolas Black: Ah ok
[2018/8/12 - 16:38:59] Nicolas Black: Alexandra es STAFF?
[2018/8/12 - 16:39:5] Danitza Volkov: No
[2018/8/12 - 16:39:10] Nicolas Black: Ok
[2018/8/12 - 16:39:49] Danitza Volkov: Responde Nico
[2018/8/12 - 16:39:54] Nicolas Black: OK
[2018/8/12 - 16:40:1] Axel Mkanna: es de 3
[2018/8/12 - 16:43:43] Axel Mkanna: JAJAJAJAJAJJAAJAJ
[2018/8/12 - 16:43:50] Nicolas Black: No mames xd
[2018/8/12 - 16:44:11] Nicolas Black: Aca reunir dinero es Facil? :V
[2018/8/12 - 16:45:37] Nicolas Black: Como le saco la Animacion :v
[2018/8/12 - 16:46:39] Axel Mkanna: 10m: 10s- 10Semanas
[2018/8/12 - 16:48:25] Nicolas Black: Axel, dicen que PD no tiene nada que acer
[2018/8/12 - 16:49:22] Axel Mkanna: AHHHHHHHh ya se
[2018/8/12 - 16:49:42] Axel Mkanna: Cuando sena liberados se les va la anim, es aproposito,asi no trollenado cunado estan aca
[2018/8/12 - 16:50:10] Danitza Volkov: cmd para trar auto?=
[2018/8/12 - 16:50:17] Nicolas Black: /traerauto
[2018/8/12 - 16:50:24] Danitza Volkov: Nono otro
[2018/8/12 - 16:50:25] Nicolas Black: Y la ID de el VEH
[2018/8/12 - 16:51:18] Axel Mkanna: /entercar
[2018/8/12 - 16:52:32] Nicolas Black: Saben la ID de ropa STAFF?
[2018/8/12 - 16:52:41] Axel Mkanna: 217
[2018/8/12 - 16:53:9] Danitza Volkov: Nop tipo no se trae el auto
[2018/8/12 - 16:53:13] Nicolas Black: Gracias, Axel y los de LSPD no tienen que hacer me Comentan xd
[2018/8/12 - 16:53:33] Axel Mkanna: Ire a robar
[2018/8/12 - 16:53:36] Danitza Volkov: Fijense el /ah
[2018/8/12 - 16:53:40] Danitza Volkov: el cmd para traer el auto
[2018/8/12 - 16:53:45] Danitza Volkov: No me deja ami 
[2018/8/12 - 16:54:54] Nicolas Black: Axel Me quitas Restriccion, y me das un Arma para Robar con Vos? :
[2018/8/12 - 16:58:39] Danitza Volkov: Nico te quedas
[2018/8/12 - 16:58:43] Danitza Volkov: Ya que esta Axel roleando
[2018/8/12 - 16:58:47] Danitza Volkov: Yo tengo que hacer unas cosas
[2018/8/12 - 16:58:56] Danitza Volkov: Esta bien?
[2018/8/12 - 16:58:58] Nicolas Black: Ok
[2018/8/12 - 16:59:12] Danitza Volkov: Genial, <3 Entro de un rato entro
[2018/8/12 - 17:2:29] Nicolas Black: Limpien chat Porfavor /limpiarchat
[2018/8/12 - 17:2:40] Axel Mkanna: No,Estan en rol
[2018/8/12 - 17:5:44] Nicolas Black: Axel esta Ocupado LSTV?
[2018/8/12 - 17:5:49] Axel Mkanna: No 
[2018/8/12 - 17:6:11] Nicolas Black: Me dejas hacer prueba para LSTV o es via /foro
[2018/8/12 - 17:6:23] Nicolas Black: y como se pone un AD, Anunco
[2018/8/12 - 17:6:56] Nicolas Black: Dale men que estoy de Afan, me necesitan Personas
[2018/8/12 - 17:7:25] Nicolas Black: Si puedo hacer Prueba para LSTV?
[2018/8/12 - 17:7:33] Nicolas Black: Hacerle la prueba a un User
[2018/8/12 - 17:7:38] Nicolas Black: ID 15
[2018/8/12 - 17:7:46] Axel Mkanna: Las psotulaciones son via /foro
[2018/8/12 - 17:7:50] Nicolas Black: Ok
[2018/8/12 - 17:8:8] Nicolas Black: Dilo en /AO 
[2018/8/12 - 17:8:22] Nicolas Black: Y Como se pone un anuncio
[2018/8/12 - 17:9:18] Nicolas Black: Puedo usar Surfly? :v
[2018/8/12 - 17:9:24] Axel Mkanna: se
[2018/8/12 - 17:9:29] Nicolas Black: oK YA lo pongo 
[2018/8/12 - 17:17:21] Axel Mkanna: Ni puta idea
[2018/8/12 - 17:17:33] Nicolas Black: Nu mames me van a pegar los Users
[2018/8/12 - 17:20:13] Nicolas Black: Axel, Pon /ao de que estoy Buscando el Trabajo de Traficantee
[2018/8/12 - 17:21:39] Nicolas Black: Voy a Poner un /n
[2018/8/12 - 17:21:47] Nicolas Black: Porque no tengo permisos para AO
[2018/8/12 - 17:22:1] Nicolas Black: Carajo como les doy el Anuncio a las personas
[2018/8/12 - 17:28:3] Nicolas Black: Hay sistema de Muebles?
[2018/8/12 - 17:35:47] Nicolas Black: Listo
[2018/8/12 - 17:36:13] Axel Mkanna: <3
[2018/8/12 - 17:36:20] Nicolas Black: Gracias
[2018/8/12 - 17:37:4] Nicolas Black: Ahh ya quiero ser Rank 3 Para usar /ao y todo eso XD
[2018/8/12 - 17:37:51] Nicolas Black: Puedes poner un /ao Que diga Que vamos a hacer Respawn General
[2018/8/12 - 17:37:59] Nicolas Black: E visto como Desorden xd
[2018/8/12 - 17:39:19] Nicolas Black: No puedo Hacer General xd
[2018/8/12 - 17:39:25] Nicolas Black: Necesito mas Rango
[2018/8/12 - 17:39:47] Nicolas Black: Definitiva Mente, Me puedes dar rango 3 Para ayudar mejor Digo? :v
[2018/8/12 - 17:40:19] Nicolas Black: Sip?
[2018/8/12 - 17:40:34] Axel Mkanna: Na todavia no
[2018/8/12 - 17:40:52] Nicolas Black: Solo eso te pido, 
[2018/8/12 - 17:40:57] Nicolas Black: Nu mames
[2018/8/12 - 17:41:39] Nicolas Black: Plox, Plox, Plox, Plox
[2018/8/12 - 17:42:6] Nicolas Black: Gracias :v Con este me veras avanzar xd
[2018/8/12 - 17:45:36] Nicolas Black: Me das una M4 ok no :V
[2018/8/12 - 17:52:35] Nicolas Black: Axel, El CMD /catalogo aca esta BUG
[2018/8/12 - 17:52:59] Axel Mkanna: de cual?
[2018/8/12 - 17:53:18] Nicolas Black: Aca en El Puerto
[2018/8/12 - 17:55:4] Nicolas Black: Ven
[2018/8/12 - 17:58:9] Danitza Volkov: Que onda bro
[2018/8/12 - 17:58:12] Danitza Volkov: Volvi
[2018/8/12 - 17:58:34] Danitza Volkov: ;(
[2018/8/12 - 17:58:58] Axel Mkanna: ola
[2018/8/12 - 17:59:8] Danitza Volkov: Todo piola?
[2018/8/12 - 17:59:52] Axel Mkanna: se buscando la pta fabrica de materials
[2018/8/12 - 18:1:24] Danitza Volkov: alex 
[2018/8/12 - 18:1:32] Axel Mkanna: dimelo
[2018/8/12 - 18:1:34] Danitza Volkov: para cambiar el icono del exterior
[2018/8/12 - 18:1:45] Danitza Volkov: de un negocio con el /ddedit
[2018/8/12 - 18:1:46] Axel Mkanna: Q????
[2018/8/12 - 18:1:56] Axel Mkanna: ah /editarp
[2018/8/12 - 18:2:10] Danitza Volkov: Ah no tengo acceso
[2018/8/12 - 18:2:13] Danitza Volkov: ;(
[2018/8/12 - 18:3:30] Danitza Volkov: alex
[2018/8/12 - 18:3:39] Danitza Volkov: Tenemos que solucionar unos problemas despues te ayudo
[2018/8/12 - 18:3:51] Nicolas Black: Alex te ayudo a algo?
[2018/8/12 - 18:4:7] Axel Mkanna: No por ahora no, /spec a los users
[2018/8/12 - 18:4:14] Nicolas Black: Ok
[2018/8/12 - 18:4:51] Nicolas Black: Nu mames esto
[2018/8/12 - 18:8:38] Nicolas Black: Como se la ID de los Auutos ? :
[2018/8/12 - 18:10:14] Nicolas Black: como era el comando para ver la ID de los autos
[2018/8/12 - 18:10:24] Axel Mkanna: dl
[2018/8/12 - 18:10:31] Nicolas Black: Gracias
[2018/8/12 - 18:13:27] Axel Mkanna: black no hagas esp
[2018/8/12 - 18:15:27] Nicolas Black: Axel, los de LSPD estan haciendo PG XD
[2018/8/12 - 18:15:43] Nicolas Black: Axel, los de LSPD estan haciendo PG XD
[2018/8/12 - 18:15:57] Axel Mkanna: ID?
[2018/8/12 - 18:20:32] Axel Mkanna: me voy
[2018/8/12 - 18:20:46] Nicolas Black: Ok, en mis manos
[2018/8/12 - 19:43:21] John Marius: Hellow its me
[2018/8/12 - 19:43:40] Nicolas Black: xd
[2018/8/12 - 19:43:46] John Marius: Que hay nico ajajaj
[2018/8/12 - 19:44:10] Nicolas Black: Hola, Yo te conosco? alv
[2018/8/12 - 19:44:20] John Marius: no c
[2018/8/12 - 19:45:30] John Marius: dame tu numero bb
[2018/8/12 - 19:45:40] Nicolas Black: Cayese xd
[2018/8/12 - 19:45:45] John Marius: para el grupo de staff boludo 
[2018/8/12 - 19:46:3] John Marius: y para seducirte, claro si es que quieres 
[2018/8/12 - 19:48:58] Nicolas Black: Que rango eres en Staff? :v
[2018/8/12 - 19:54:40] Nicolas Black: Fail xd
[2018/8/12 - 19:54:51] Nicolas Black: Mi MA XD
[2018/8/12 - 20:21:56] John Marius: Ahi se la reviso decile
[2018/8/12 - 20:26:51] John Marius: che
[2018/8/12 - 20:27:1] John Marius: ponete off un toque y llevame hasta un lugar xddddddd
[2018/8/12 - 20:27:12] John Marius: on *
[2018/8/12 - 20:27:28] Nicolas Black: Estoy Ocupado xd
[2018/8/12 - 20:30:49] Nicolas Black: Cancelalo
[2018/8/12 - 20:36:4] Nicolas Black: John Que rango eres en STAFF?
[2018/8/12 - 20:36:11] John Marius: 80
[2018/8/12 - 20:36:28] Nicolas Black: Me prestas 5k de Billete?
[2018/8/12 - 20:36:49] John Marius: oka bancá, sabes donde estan las motos freeway
[2018/8/12 - 20:37:10] Nicolas Black: Nel, No me teletransportes voy con escoltas  xd
[2018/8/12 - 20:37:32] Nicolas Black: Ve a LSPD
[2018/8/12 - 20:37:46] John Marius: como era para activar el vuelo con el sobeit?
[2018/8/12 - 20:38:7] Nicolas Black: No recuerdo has con SHIFT XD
[2018/8/12 - 20:41:19] John Marius: ¿
[2018/8/12 - 20:41:26] Nicolas Black: Para la Pasta xd
[2018/8/12 - 20:41:33] Nicolas Black: Llevame
[2018/8/12 - 20:41:36] Nicolas Black: Me bugee
[2018/8/12 - 20:42:3] Nicolas Black: Nu mames XD
[2018/8/12 - 20:42:11] Nicolas Black: Piden dis que un Millon
[2018/8/12 - 20:42:23] John Marius: que ? para que
[2018/8/12 - 20:42:48] Nicolas Black: Para un rol que Hizimos Corto, xd Les pagare 1k a cada uno Porque no tengo asta xd
[2018/8/12 - 20:43:3] John Marius: pues si, ademas tienen que adecuarse a la economia
[2018/8/12 - 20:47:13] Nicolas Black: Spectea que estan haciendo PG2
[2018/8/12 - 20:49:24] Nicolas Black: Vaya su PG2
[2018/8/13 - 17:11:25] Axel Mkanna: Buenas
[2018/8/13 - 17:11:39] Nicolas Black: Buenas, Axel tengo que decirte algo
[2018/8/13 - 17:12:1] Nicolas Black: Me das LVL 10 de XP :v
[2018/8/13 - 17:12:53] Nicolas Black: Bueno, como quieras, Vamos al grano
[2018/8/13 - 17:13:33] Nicolas Black: Tenemos problemas y Muchos
[2018/8/13 - 17:13:39] Axel Mkanna: :v
[2018/8/13 - 17:13:43] Axel Mkanna: Cuales
[2018/8/13 - 17:13:56] Nicolas Black: Soy Gay ok no
[2018/8/13 - 17:14:7] Nicolas Black: Los de LSPD son muy anti RP :v
[2018/8/13 - 17:14:17] Axel Mkanna: Enserio?
[2018/8/13 - 17:14:39] Nicolas Black: Si, tengo SS de algunas de los 100000000 llamados de atencion ayer
[2018/8/13 - 17:14:53] Nicolas Black: Exacta mente como unos 10 BPC
[2018/8/13 - 17:15:6] Nicolas Black: Me hizieron un PG2 Bien tremendo
[2018/8/13 - 17:15:16] Nicolas Black: Patrullan con armas Grandes
[2018/8/13 - 17:15:30] Nicolas Black: Y Persiguen a quien quieran
[2018/8/13 - 17:15:52] Axel Mkanna: Bien haceme el favor de pasarme las SS por wsp
[2018/8/13 - 17:15:57] Axel Mkanna: +543513079334
[2018/8/13 - 17:21:40] Axel Mkanna: Como era e lcmd? xd
[2018/8/13 - 17:22:6] Nicolas Black: /cpntalla 1-5 (Mensaje)
[2018/8/13 - 17:22:57] Nicolas Black: Donde es la Tienda de motos xd
[2018/8/13 - 17:23:5] Axel Mkanna: Ni puta idea
[2018/8/13 - 17:23:15] Axel Mkanna: yo digo el cmd de resoawn cual es?
[2018/8/13 - 17:23:34] Nicolas Black: Ahhh xd /racall
[2018/8/13 - 17:24:51] Nicolas Black: Me Regalas 8k? :v
[2018/8/13 - 17:25:44] Nicolas Black: Si? :v
[2018/8/13 - 17:25:51] Axel Mkanna: id?
[2018/8/13 - 17:26:2] Nicolas Black: 6
[2018/8/13 - 17:27:5] Nicolas Black: ??
[2018/8/13 - 17:27:51] Nicolas Black: Gracias
[2018/8/13 - 17:28:37] Nicolas Black: El de traficnte ya se xd
[2018/8/13 - 17:28:56] Axel Mkanna: y este el de delicuente de autos
[2018/8/13 - 17:50:54] Axel Mkanna: Nicolas
[2018/8/13 - 17:50:59] Nicolas Black: Dime
[2018/8/13 - 17:51:12] Axel Mkanna: Estare scripteando si entra un users nuevo o nivel 1 avisame pro wsp asi le doy stats
[2018/8/13 - 17:51:28] Nicolas Black: Ok
[2018/8/13 - 17:55:57] Axel Mkanna: afk
[2018/10/11 - 12:42:56] Skender Osterberg: a
[2018/10/11 - 12:43:2] Dakota Lewis: hola
[2018/10/11 - 12:45:0] Dakota Lewis: Dime que vas a poner el sistema de muebles
[2018/10/11 - 14:33:29] Skender Osterberg: a
[2018/10/11 - 14:54:14] Dakota Lewis: a
[2018/10/11 - 15:5:6] Skender Osterberg: a
[2018/10/11 - 15:5:24] Skender Osterberg: a
[2018/10/11 - 15:5:48] Skender Osterberg: a
[2018/10/11 - 15:21:43] Citoh: a
[2018/10/11 - 15:21:48] Citoh: olaa
