[2018/6/30 - 23:39:15] Registros: James Rodriguez ha creado un objeto [Nombre: Escopeta de combate] [Cantidad: 100]
[2018/6/30 - 23:40:21] Registros: James Rodriguez ha creado un objeto [Nombre: Desert Eagle] [Cantidad: 100]
[2018/7/1 - 0:13:3] Registros: James Rodriguez ha creado un objeto [Nombre: Desert Eagle] [Cantidad: 100]
[2018/8/12 - 16:41:30] Registros: Axel Mkanna ha creado un objeto [Nombre: Nudillera] [Cantidad: 1]
[2018/8/12 - 16:41:38] Registros: Axel Mkanna ha creado un objeto [Nombre: Desert Eagle] [Cantidad: 1]
[2018/8/12 - 17:6:21] Registros: Axel Mkanna ha creado un objeto [Nombre: UZI] [Cantidad: 50]
[2018/8/12 - 17:6:23] Registros: Axel Mkanna ha creado un objeto [Nombre: UZI] [Cantidad: 50]
[2018/8/12 - 17:6:49] Registros: Axel Mkanna ha creado un objeto [Nombre: Rifle de caza] [Cantidad: 500]
[2018/8/12 - 17:7:6] Registros: Axel Mkanna ha creado un objeto [Nombre: Spray] [Cantidad: 500]
[2018/8/12 - 17:7:14] Registros: Axel Mkanna ha creado un objeto [Nombre: Minigun] [Cantidad: 500]
[2018/8/12 - 17:7:23] Registros: Axel Mkanna ha creado un objeto [Nombre: Cohete] [Cantidad: 500]
[2018/8/12 - 17:8:0] Registros: Axel Mkanna ha creado un objeto [Nombre: Tasér] [Cantidad: 400]
[2018/8/12 - 17:8:5] Registros: Axel Mkanna ha creado un objeto [Nombre: Tasér] [Cantidad: 40]
[2018/8/12 - 17:8:22] Registros: Axel Mkanna ha creado un objeto [Nombre: Tec9] [Cantidad: 40]
[2018/8/12 - 17:45:22] Registros: Axel Mkanna ha creado un objeto [Nombre: Palo de golf] [Cantidad: 15]
[2018/8/15 - 10:55:59] Registros: Axel Mkanna ha creado un objeto [Nombre: Caja vacía] [Cantidad: 1]
[2018/10/11 - 14:16:15] Registros: Skender Osterberg ha creado un objeto [Nombre: C. UZI] [Cantidad: 1]
[2018/10/11 - 14:20:16] Registros: Skender Osterberg ha creado un objeto [Nombre: C. UZI] [Cantidad: 5]
[2018/10/11 - 14:20:53] Registros: Skender Osterberg ha creado un objeto [Nombre: C. Cargadores UZI] [Cantidad: 5]
[2018/10/11 - 14:24:59] Registros: Skender Osterberg ha creado un objeto [Nombre: Caja vacía] [Cantidad: 1]
[2018/10/11 - 14:28:34] Registros: Skender Osterberg ha creado un objeto [Nombre: Caja vacía] [Cantidad: 1]
[2018/10/12 - 2:50:23] Registros: Skender Osterberg ha creado un objeto [Nombre: C. UZI] [Cantidad: 4]
[2018/10/12 - 2:52:57] Registros: Skender Osterberg ha creado un objeto [Nombre: C. Cargadores UZI] [Cantidad: 4]
[2018/10/12 - 4:12:6] Registros: Skender Osterberg ha creado un objeto [Nombre: P. Cocaína] [Cantidad: 10]
[2018/10/12 - 4:42:52] Registros: Skender Osterberg ha creado un objeto [Nombre: Teléfono E] [Cantidad: 1]
[2018/10/12 - 4:43:9] Registros: Skender Osterberg ha creado un objeto [Nombre: Alcoholimetro] [Cantidad: 1]
[2018/10/12 - 4:46:58] Registros: Skender Osterberg ha creado un objeto [Nombre: Botella de whisky] [Cantidad: 1]
[2018/10/12 - 4:47:48] Registros: Skender Osterberg ha creado un objeto [Nombre: P. LSD] [Cantidad: 1]
[2018/10/12 - 4:57:36] Registros: Skender Osterberg ha creado un objeto [Nombre: MP5K] [Cantidad: 400]
[2018/10/12 - 5:18:24] Registros: Skender Osterberg ha creado un objeto [Nombre: Spray] [Cantidad: 500]
