[2018/8/11 - 22:8:34] Registros: El administrador Axel Mkanna le otorgo a Gino Woodz un puesto en el Staff nivel 2.
[2018/8/11 - 22:10:37] Registros: El administrador Axel Mkanna le otorgo a Danitza Volkov un puesto en el Staff nivel 5.
[2018/8/12 - 12:8:38] Registros: El administrador Axel Mkanna le otorgo a Jake McKenzie un puesto en el Staff nivel 3.
[2018/8/12 - 12:9:40] Registros: El administrador Axel Mkanna le otorgo a Jake McKenzie un puesto en el Staff nivel 5.
[2018/8/12 - 12:9:59] Registros: El administrador Axel Mkanna le otorgo a Jake McKenzie un puesto en el Staff nivel 4.
[2018/8/12 - 12:10:8] Registros: El administrador Axel Mkanna le otorgo a Jake McKenzie un puesto en el Staff nivel 3.
[2018/8/12 - 12:20:3] Registros: El administrador Axel Mkanna le otorgo a John Marius un puesto en el Staff nivel 2.
[2018/8/12 - 12:24:4] Registros: El administrador Axel Mkanna le otorgo a John Marius un puesto en el Staff nivel 3.
[2018/8/12 - 15:29:14] Registros: El administrador Axel Mkanna le otorgo a Danitza Volkov un puesto en el Staff nivel 5.
[2018/8/12 - 15:29:30] Registros: El administrador Axel Mkanna le otorgo a Danitza Volkov un puesto en el Staff nivel 6.
[2018/8/12 - 15:30:3] Registros: El administrador Axel Mkanna le otorgo a Jake McKenzie un puesto en el Staff nivel 4.
[2018/8/12 - 15:37:7] Registros: El administrador Axel Mkanna le otorgo a Danitza Volkov un puesto en el Staff nivel 7.
[2018/8/12 - 15:39:43] Registros: El administrador Axel Mkanna le otorgo a Danitza Volkov un puesto en el Staff nivel 1.
[2018/8/12 - 15:39:52] Registros: El administrador Axel Mkanna le otorgo a Danitza Volkov un puesto en el Staff nivel 6.
[2018/8/12 - 16:27:27] Registros: El administrador Axel Mkanna le otorgo a Nicolas Black un puesto en el Staff nivel 1.
[2018/8/12 - 17:33:51] Registros: El administrador Axel Mkanna le otorgo a Nicolas Black un puesto en el Staff nivel 3.
[2018/8/12 - 17:36:4] Registros: El administrador Axel Mkanna le otorgo a Nicolas Black un puesto en el Staff nivel 2.
[2018/8/12 - 17:41:53] Registros: El administrador Axel Mkanna le otorgo a Nicolas Black un puesto en el Staff nivel 3.
[2018/10/11 - 12:42:55] Registros: El administrador Skender Osterberg le otorgo a Dakota Lewis un puesto en el Staff nivel 5.
[2018/10/11 - 15:5:21] Registros: El administrador Skender Osterberg le otorgo a Skender Osterberg un puesto en el Staff nivel 5.
[2018/10/12 - 2:27:42] Registros: El administrador Skender Osterberg le otorgo a Besnik Osterberg un puesto en el Staff nivel 3.
[2018/10/12 - 2:29:35] Registros: El administrador Skender Osterberg le otorgo a Besnik Osterberg un puesto en el Staff nivel 4.
[2018/10/12 - 3:6:23] Registros: El administrador Skender Osterberg le otorgo a Besnik Osterberg un puesto en el Staff nivel 5.
[2018/10/12 - 3:30:17] Registros: El administrador Skender Osterberg le otorgo a Besnik Osterberg un puesto en el Staff nivel 5.
