[2018/6/24 - 18:44:41] Registros: Edinson Walker le cedio la cantidad de 2000$ a Edinson Walker. (ON)
[2018/6/24 - 18:44:42] Registros: Edinson Walker le cedio la cantidad de 20000$ a Edinson Walker. (ON)
[2018/6/24 - 18:58:16] Registros: Edinson Walker le cedio la cantidad de 20000$ a Edinson Walker. (ON)
[2018/8/11 - 21:42:56] Registros: Axel Mkanna le cedio la cantidad de 50000$ a Antwane Cappello. (ON)
[2018/8/11 - 21:54:35] Registros: Axel Mkanna le cedio la cantidad de 50000$ a Mayra Gonzalez. (ON)
[2018/8/11 - 22:49:13] Registros: Axel Mkanna le cedio la cantidad de 50000$ a Yoel Ortega. (ON)
[2018/8/11 - 23:23:51] Registros: Axel Mkanna le cedio la cantidad de 10000$ a Jays Ryder. (ON)
[2018/8/12 - 12:2:27] Registros: Axel Mkanna le cedio la cantidad de 50000$ a Axel Mkanna. (ON)
[2018/8/12 - 12:37:49] Registros: Axel Mkanna le cedio la cantidad de 500000$ a Axel Mkanna. (ON)
[2018/8/12 - 13:45:21] Registros: Axel Mkanna le cedio la cantidad de 40000$ a Agustin Acer. (ON)
[2018/8/12 - 15:28:17] Registros: Axel Mkanna le cedio la cantidad de 250$ a Henry Adams. (ON)
[2018/8/12 - 15:28:21] Registros: Axel Mkanna le cedio la cantidad de 250$ a Scott Foster. (ON)
[2018/8/12 - 15:32:42] Registros: Axel Mkanna le cedio la cantidad de 10000$ a Sony Rodriguez. (ON)
[2018/8/12 - 15:48:1] Registros: Axel Mkanna le cedio la cantidad de 200000$ a Danitza Volkov. (ON)
[2018/8/13 - 17:11:58] Registros: Axel Mkanna le cedio la cantidad de 5000$ a Lionel Segundo. (ON)
[2018/8/13 - 17:14:7] Registros: Axel Mkanna le cedio la cantidad de 5000$ a Axel Mkanna. (ON)
[2018/8/13 - 17:27:23] Registros: Axel Mkanna le cedio la cantidad de 8000$ a Nicolas Black. (ON)
[2018/8/13 - 17:47:33] Registros: Axel Mkanna le cedio la cantidad de 5000$ a Ruben White. (ON)
[2018/8/13 - 18:43:59] Registros: Axel Mkanna le cedio la cantidad de 5000$ a Tiago Marquez. (ON)
[2018/8/13 - 18:44:9] Registros: Axel Mkanna le cedio la cantidad de 5000$ a Valentin Albertinazi. (ON)
[2018/8/13 - 18:44:16] Registros: Axel Mkanna le cedio la cantidad de 5000$ a Valentino Levington. (ON)
[2018/8/13 - 18:44:31] Registros: Axel Mkanna le cedio la cantidad de 5000$ a Jhon Santana. (ON)
[2018/10/11 - 13:3:35] Registros: Skender Osterberg le cedio la cantidad de 100000$ a Skender Osterberg. (ON)
[2018/10/11 - 13:4:21] Registros: Skender Osterberg le cedio la cantidad de 1000000$ a Dakota Lewis. (ON)
