[2018/8/11 - 23:38:25] Registros: Agustin Acer retiro $1.
[2018/8/11 - 23:38:32] Registros: Agustin Acer retiro $2999.
[2018/8/11 - 23:46:25] Registros: Ezequiel Avaro retiro $1000.
[2018/8/11 - 23:46:48] Registros: Jays Ryder retiro $500.
[2018/8/11 - 23:46:54] Registros: Jays Ryder retiro $2000.
[2018/8/11 - 23:47:1] Registros: Jays Ryder retiro $500.
[2018/8/12 - 0:14:33] Registros: Yoel Ortega retiro $3000.
[2018/8/12 - 11:29:14] Registros: Hapton Treves retiro $1.
[2018/8/12 - 12:9:24] Registros: Scott Foster retiro $900.
[2018/8/12 - 12:9:42] Registros: Scott Foster retiro $50.
[2018/8/12 - 12:9:52] Registros: Scott Foster retiro $3000.
[2018/8/12 - 15:18:51] Registros: Alejandro Isgro retiro $3000.
[2018/8/12 - 15:18:55] Registros: Alejandro Isgro retiro $150.
[2018/8/12 - 16:51:42] Registros: Frank White retiro $2.
[2018/8/12 - 16:51:48] Registros: Frank White retiro $2000.
[2018/8/12 - 16:52:24] Registros: Frank White retiro $980.
[2018/8/12 - 17:12:18] Registros: Scott Foster retiro $4750.
[2018/8/12 - 17:15:24] Registros: Fernando Eslava retiro $1000.
[2018/8/12 - 19:21:6] Registros: Antwane Cappello retiro $5600.
[2018/8/12 - 23:9:45] Registros: Jays Ryder retiro $775.
[2018/8/13 - 4:25:30] Registros: Gerfi Infante retiro $3150.
[2018/8/13 - 11:48:40] Registros: Melvin West retiro $3000.
[2018/8/13 - 13:39:56] Registros: Federico Rios retiro $3000.
[2018/8/13 - 13:49:54] Registros: Tiago Marquez retiro $499.
[2018/8/13 - 16:43:54] Registros: Federico Rios retiro $250.
[2018/8/13 - 17:1:21] Registros: Jays Ryder retiro $625.
