23. June 2018 | 22:45:27 | Current JunkBuster configuration:
23. June 2018 | 22:45:27 | - WeaponHack = 1
23. June 2018 | 22:45:27 | - MoneyHack = 1
23. June 2018 | 22:45:27 | - Jetpack = 1
23. June 2018 | 22:45:27 | - HealthHack = 1
23. June 2018 | 22:45:27 | - ArmourHack = 1
23. June 2018 | 22:45:27 | - DriveBy = 2
23. June 2018 | 22:45:27 | - Spam = 0
23. June 2018 | 22:45:27 | - CommandSpam = 0
23. June 2018 | 22:45:27 | - BadWords = 0
23. June 2018 | 22:45:27 | - CarJackHack = 1
23. June 2018 | 22:45:27 | - TeleportHack = 1
23. June 2018 | 22:45:27 | - MaxPing = 1000
23. June 2018 | 22:45:27 | - SpectateHack = 0
23. June 2018 | 22:45:27 | - Blacklist = 1
23. June 2018 | 22:45:27 | - IpBans = 1
23. June 2018 | 22:45:27 | - TempBans = 1
23. June 2018 | 22:45:27 | - SpawnKill = 3
23. June 2018 | 22:45:27 | - CapsLock = 1
23. June 2018 | 22:45:27 | - 3DSpeed = 0
23. June 2018 | 22:45:27 | - MaxSpeed = 230
23. June 2018 | 22:45:27 | - AdminImmunity = 1
23. June 2018 | 22:45:27 | - Advertisement = 1
23. June 2018 | 22:45:27 | - FreezeUpdate = 0
23. June 2018 | 22:45:27 | - SpawnTime = 10
23. June 2018 | 22:45:27 | - CheckpointTeleport = 1
23. June 2018 | 22:45:27 | - Airbreak = 1
23. June 2018 | 22:45:27 | - TankMode = 1
23. June 2018 | 22:45:27 | - WarnPlayers = 0
23. June 2018 | 22:45:27 | - SingleplayerCheats = 1
23. June 2018 | 22:45:27 | - MinFPS = 2
23. June 2018 | 22:45:27 | - DisableBadWeapons = 1
23. June 2018 | 22:45:27 | - CBug = 16
23. June 2018 | 22:45:27 | - AntiBugKill = 1
23. June 2018 | 22:45:28 | - NoReload = 20
23. June 2018 | 22:45:28 | - NoReloadForSawnOff = 4
23. June 2018 | 22:45:28 | - ActiveGMC = 2
23. June 2018 | 22:45:28 | - GMCBan = 0
23. June 2018 | 22:45:28 | - ServerSideHealth = 1
23. June 2018 | 22:45:28 | - CheckVMPos = 0
23. June 2018 | 22:45:28 | - QuickTurn = 1
23. June 2018 | 22:45:28 | 1 IP-bans have been loaded.
23. June 2018 | 22:45:28 | 0 temporary bans have been loaded.
23. June 2018 | 22:45:28 | 1 whitelist entries have been loaded.
23. June 2018 | 22:45:28 | 4 blacklist entries have been loaded.
23. June 2018 | 22:45:28 | 41 bad words have been loaded.
23. June 2018 | 22:45:28 | 4 forbidden weapons have been loaded.
23. June 2018 | 22:45:28 | JunkBuster has been configurated.
23. June 2018 | 22:45:28 | JunkBuster has successfully been loaded.
23. June 2018 | 23:11:29 | Current JunkBuster configuration:
23. June 2018 | 23:11:29 | - WeaponHack = 1
23. June 2018 | 23:11:29 | - MoneyHack = 1
23. June 2018 | 23:11:29 | - Jetpack = 1
23. June 2018 | 23:11:29 | - HealthHack = 1
23. June 2018 | 23:11:29 | - ArmourHack = 1
23. June 2018 | 23:11:29 | - DriveBy = 2
23. June 2018 | 23:11:29 | - Spam = 0
23. June 2018 | 23:11:29 | - CommandSpam = 0
23. June 2018 | 23:11:29 | - BadWords = 0
23. June 2018 | 23:11:29 | - CarJackHack = 1
23. June 2018 | 23:11:29 | - TeleportHack = 1
23. June 2018 | 23:11:29 | - MaxPing = 1000
23. June 2018 | 23:11:29 | - SpectateHack = 0
23. June 2018 | 23:11:30 | - Blacklist = 1
23. June 2018 | 23:11:30 | - IpBans = 1
23. June 2018 | 23:11:30 | - TempBans = 1
23. June 2018 | 23:11:30 | - SpawnKill = 3
23. June 2018 | 23:11:30 | - CapsLock = 1
23. June 2018 | 23:11:30 | - 3DSpeed = 0
23. June 2018 | 23:11:30 | - MaxSpeed = 230
23. June 2018 | 23:11:30 | - AdminImmunity = 1
23. June 2018 | 23:11:30 | - Advertisement = 1
23. June 2018 | 23:11:30 | - FreezeUpdate = 0
23. June 2018 | 23:11:30 | - SpawnTime = 10
23. June 2018 | 23:11:30 | - CheckpointTeleport = 1
23. June 2018 | 23:11:30 | - Airbreak = 1
23. June 2018 | 23:11:30 | - TankMode = 1
23. June 2018 | 23:11:30 | - WarnPlayers = 0
23. June 2018 | 23:11:30 | - SingleplayerCheats = 1
23. June 2018 | 23:11:30 | - MinFPS = 2
23. June 2018 | 23:11:30 | - DisableBadWeapons = 1
23. June 2018 | 23:11:30 | - CBug = 16
23. June 2018 | 23:11:30 | - AntiBugKill = 1
23. June 2018 | 23:11:30 | - NoReload = 20
23. June 2018 | 23:11:30 | - NoReloadForSawnOff = 4
23. June 2018 | 23:11:30 | - ActiveGMC = 2
23. June 2018 | 23:11:30 | - GMCBan = 0
23. June 2018 | 23:11:30 | - ServerSideHealth = 1
23. June 2018 | 23:11:30 | - CheckVMPos = 0
23. June 2018 | 23:11:30 | - QuickTurn = 1
23. June 2018 | 23:11:30 | 1 IP-bans have been loaded.
23. June 2018 | 23:11:30 | 0 temporary bans have been loaded.
23. June 2018 | 23:11:30 | 1 whitelist entries have been loaded.
23. June 2018 | 23:11:30 | 4 blacklist entries have been loaded.
23. June 2018 | 23:11:30 | 41 bad words have been loaded.
23. June 2018 | 23:11:30 | 4 forbidden weapons have been loaded.
23. June 2018 | 23:11:30 | JunkBuster has been configurated.
23. June 2018 | 23:11:30 | JunkBuster has successfully been loaded.
24. June 2018 | 09:46:40 | Current JunkBuster configuration:
24. June 2018 | 09:46:40 | - WeaponHack = 1
24. June 2018 | 09:46:40 | - MoneyHack = 1
24. June 2018 | 09:46:40 | - Jetpack = 1
24. June 2018 | 09:46:40 | - HealthHack = 1
24. June 2018 | 09:46:40 | - ArmourHack = 1
24. June 2018 | 09:46:40 | - DriveBy = 2
24. June 2018 | 09:46:40 | - Spam = 0
24. June 2018 | 09:46:40 | - CommandSpam = 0
24. June 2018 | 09:46:40 | - BadWords = 0
24. June 2018 | 09:46:40 | - CarJackHack = 1
24. June 2018 | 09:46:40 | - TeleportHack = 1
24. June 2018 | 09:46:40 | - MaxPing = 1000
24. June 2018 | 09:46:40 | - SpectateHack = 0
24. June 2018 | 09:46:40 | - Blacklist = 1
24. June 2018 | 09:46:40 | - IpBans = 1
24. June 2018 | 09:46:40 | - TempBans = 1
24. June 2018 | 09:46:40 | - SpawnKill = 3
24. June 2018 | 09:46:40 | - CapsLock = 1
24. June 2018 | 09:46:40 | - 3DSpeed = 0
24. June 2018 | 09:46:40 | - MaxSpeed = 230
24. June 2018 | 09:46:40 | - AdminImmunity = 1
24. June 2018 | 09:46:40 | - Advertisement = 1
24. June 2018 | 09:46:40 | - FreezeUpdate = 0
24. June 2018 | 09:46:40 | - SpawnTime = 10
24. June 2018 | 09:46:40 | - CheckpointTeleport = 1
24. June 2018 | 09:46:40 | - Airbreak = 1
24. June 2018 | 09:46:40 | - TankMode = 1
24. June 2018 | 09:46:40 | - WarnPlayers = 0
24. June 2018 | 09:46:40 | - SingleplayerCheats = 1
24. June 2018 | 09:46:40 | - MinFPS = 2
24. June 2018 | 09:46:40 | - DisableBadWeapons = 1
24. June 2018 | 09:46:40 | - CBug = 16
24. June 2018 | 09:46:40 | - AntiBugKill = 1
24. June 2018 | 09:46:40 | - NoReload = 20
24. June 2018 | 09:46:40 | - NoReloadForSawnOff = 4
24. June 2018 | 09:46:40 | - ActiveGMC = 2
24. June 2018 | 09:46:40 | - GMCBan = 0
24. June 2018 | 09:46:40 | - ServerSideHealth = 1
24. June 2018 | 09:46:40 | - CheckVMPos = 0
24. June 2018 | 09:46:40 | - QuickTurn = 1
24. June 2018 | 09:46:40 | 1 IP-bans have been loaded.
24. June 2018 | 09:46:40 | 0 temporary bans have been loaded.
24. June 2018 | 09:46:40 | 1 whitelist entries have been loaded.
24. June 2018 | 09:46:40 | 4 blacklist entries have been loaded.
24. June 2018 | 09:46:40 | 41 bad words have been loaded.
24. June 2018 | 09:46:40 | 4 forbidden weapons have been loaded.
24. June 2018 | 09:46:40 | JunkBuster has been configurated.
24. June 2018 | 09:46:40 | JunkBuster has successfully been loaded.
24. June 2018 | 09:49:57 | Current JunkBuster configuration:
24. June 2018 | 09:49:57 | - WeaponHack = 1
24. June 2018 | 09:49:57 | - MoneyHack = 1
24. June 2018 | 09:49:57 | - Jetpack = 1
24. June 2018 | 09:49:57 | - HealthHack = 1
24. June 2018 | 09:49:57 | - ArmourHack = 1
24. June 2018 | 09:49:57 | - DriveBy = 2
24. June 2018 | 09:49:57 | - Spam = 0
24. June 2018 | 09:49:57 | - CommandSpam = 0
24. June 2018 | 09:49:57 | - BadWords = 0
24. June 2018 | 09:49:57 | - CarJackHack = 1
24. June 2018 | 09:49:57 | - TeleportHack = 1
24. June 2018 | 09:49:57 | - MaxPing = 1000
24. June 2018 | 09:49:57 | - SpectateHack = 0
24. June 2018 | 09:49:57 | - Blacklist = 1
24. June 2018 | 09:49:57 | - IpBans = 1
24. June 2018 | 09:49:57 | - TempBans = 1
24. June 2018 | 09:49:57 | - SpawnKill = 3
24. June 2018 | 09:49:57 | - CapsLock = 1
24. June 2018 | 09:49:57 | - 3DSpeed = 0
24. June 2018 | 09:49:57 | - MaxSpeed = 230
24. June 2018 | 09:49:57 | - AdminImmunity = 1
24. June 2018 | 09:49:57 | - Advertisement = 1
24. June 2018 | 09:49:57 | - FreezeUpdate = 0
24. June 2018 | 09:49:57 | - SpawnTime = 10
24. June 2018 | 09:49:57 | - CheckpointTeleport = 1
24. June 2018 | 09:49:57 | - Airbreak = 1
24. June 2018 | 09:49:57 | - TankMode = 1
24. June 2018 | 09:49:57 | - WarnPlayers = 0
24. June 2018 | 09:49:57 | - SingleplayerCheats = 1
24. June 2018 | 09:49:57 | - MinFPS = 2
24. June 2018 | 09:49:57 | - DisableBadWeapons = 1
24. June 2018 | 09:49:57 | - CBug = 16
24. June 2018 | 09:49:57 | - AntiBugKill = 1
24. June 2018 | 09:49:57 | - NoReload = 20
24. June 2018 | 09:49:57 | - NoReloadForSawnOff = 4
24. June 2018 | 09:49:57 | - ActiveGMC = 2
24. June 2018 | 09:49:57 | - GMCBan = 0
24. June 2018 | 09:49:57 | - ServerSideHealth = 1
24. June 2018 | 09:49:57 | - CheckVMPos = 0
24. June 2018 | 09:49:57 | - QuickTurn = 1
24. June 2018 | 09:49:57 | 1 IP-bans have been loaded.
24. June 2018 | 09:49:57 | 0 temporary bans have been loaded.
24. June 2018 | 09:49:57 | 1 whitelist entries have been loaded.
24. June 2018 | 09:49:57 | 4 blacklist entries have been loaded.
24. June 2018 | 09:49:57 | 41 bad words have been loaded.
24. June 2018 | 09:49:57 | 4 forbidden weapons have been loaded.
24. June 2018 | 09:49:57 | JunkBuster has been configurated.
24. June 2018 | 09:49:57 | JunkBuster has successfully been loaded.
24. June 2018 | 09:58:40 | Current JunkBuster configuration:
24. June 2018 | 09:58:40 | - WeaponHack = 1
24. June 2018 | 09:58:40 | - MoneyHack = 1
24. June 2018 | 09:58:40 | - Jetpack = 1
24. June 2018 | 09:58:40 | - HealthHack = 1
24. June 2018 | 09:58:40 | - ArmourHack = 1
24. June 2018 | 09:58:40 | - DriveBy = 2
24. June 2018 | 09:58:40 | - Spam = 0
24. June 2018 | 09:58:40 | - CommandSpam = 0
24. June 2018 | 09:58:40 | - BadWords = 0
24. June 2018 | 09:58:40 | - CarJackHack = 1
24. June 2018 | 09:58:40 | - TeleportHack = 1
24. June 2018 | 09:58:40 | - MaxPing = 1000
24. June 2018 | 09:58:40 | - SpectateHack = 0
24. June 2018 | 09:58:40 | - Blacklist = 1
24. June 2018 | 09:58:40 | - IpBans = 1
24. June 2018 | 09:58:40 | - TempBans = 1
24. June 2018 | 09:58:40 | - SpawnKill = 3
24. June 2018 | 09:58:40 | - CapsLock = 1
24. June 2018 | 09:58:40 | - 3DSpeed = 0
24. June 2018 | 09:58:40 | - MaxSpeed = 230
24. June 2018 | 09:58:40 | - AdminImmunity = 1
24. June 2018 | 09:58:40 | - Advertisement = 1
24. June 2018 | 09:58:40 | - FreezeUpdate = 0
24. June 2018 | 09:58:40 | - SpawnTime = 10
24. June 2018 | 09:58:40 | - CheckpointTeleport = 1
24. June 2018 | 09:58:40 | - Airbreak = 1
24. June 2018 | 09:58:40 | - TankMode = 1
24. June 2018 | 09:58:40 | - WarnPlayers = 0
24. June 2018 | 09:58:40 | - SingleplayerCheats = 1
24. June 2018 | 09:58:40 | - MinFPS = 2
24. June 2018 | 09:58:40 | - DisableBadWeapons = 1
24. June 2018 | 09:58:40 | - CBug = 16
24. June 2018 | 09:58:40 | - AntiBugKill = 1
24. June 2018 | 09:58:40 | - NoReload = 20
24. June 2018 | 09:58:40 | - NoReloadForSawnOff = 4
24. June 2018 | 09:58:40 | - ActiveGMC = 2
24. June 2018 | 09:58:40 | - GMCBan = 0
24. June 2018 | 09:58:41 | - ServerSideHealth = 1
24. June 2018 | 09:58:41 | - CheckVMPos = 0
24. June 2018 | 09:58:41 | - QuickTurn = 1
24. June 2018 | 09:58:41 | 1 IP-bans have been loaded.
24. June 2018 | 09:58:41 | 0 temporary bans have been loaded.
24. June 2018 | 09:58:41 | 1 whitelist entries have been loaded.
24. June 2018 | 09:58:41 | 4 blacklist entries have been loaded.
24. June 2018 | 09:58:41 | 41 bad words have been loaded.
24. June 2018 | 09:58:41 | 4 forbidden weapons have been loaded.
24. June 2018 | 09:58:41 | JunkBuster has been configurated.
24. June 2018 | 09:58:41 | JunkBuster has successfully been loaded.
24. June 2018 | 18:29:54 | Current JunkBuster configuration:
24. June 2018 | 18:29:54 | - WeaponHack = 1
24. June 2018 | 18:29:54 | - MoneyHack = 1
24. June 2018 | 18:29:54 | - Jetpack = 1
24. June 2018 | 18:29:54 | - HealthHack = 1
24. June 2018 | 18:29:54 | - ArmourHack = 1
24. June 2018 | 18:29:54 | - DriveBy = 2
24. June 2018 | 18:29:54 | - Spam = 0
24. June 2018 | 18:29:54 | - CommandSpam = 0
24. June 2018 | 18:29:54 | - BadWords = 0
24. June 2018 | 18:29:54 | - CarJackHack = 1
24. June 2018 | 18:29:54 | - TeleportHack = 1
24. June 2018 | 18:29:54 | - MaxPing = 1000
24. June 2018 | 18:29:54 | - SpectateHack = 0
24. June 2018 | 18:29:54 | - Blacklist = 1
24. June 2018 | 18:29:54 | - IpBans = 1
24. June 2018 | 18:29:54 | - TempBans = 1
24. June 2018 | 18:29:54 | - SpawnKill = 3
24. June 2018 | 18:29:54 | - CapsLock = 1
24. June 2018 | 18:29:54 | - 3DSpeed = 0
24. June 2018 | 18:29:54 | - MaxSpeed = 230
24. June 2018 | 18:29:54 | - AdminImmunity = 1
24. June 2018 | 18:29:54 | - Advertisement = 1
24. June 2018 | 18:29:54 | - FreezeUpdate = 0
24. June 2018 | 18:29:54 | - SpawnTime = 10
24. June 2018 | 18:29:54 | - CheckpointTeleport = 1
24. June 2018 | 18:29:54 | - Airbreak = 1
24. June 2018 | 18:29:54 | - TankMode = 1
24. June 2018 | 18:29:54 | - WarnPlayers = 0
24. June 2018 | 18:29:54 | - SingleplayerCheats = 1
24. June 2018 | 18:29:54 | - MinFPS = 2
24. June 2018 | 18:29:54 | - DisableBadWeapons = 1
24. June 2018 | 18:29:54 | - CBug = 16
24. June 2018 | 18:29:54 | - AntiBugKill = 1
24. June 2018 | 18:29:54 | - NoReload = 20
24. June 2018 | 18:29:54 | - NoReloadForSawnOff = 4
24. June 2018 | 18:29:54 | - ActiveGMC = 2
24. June 2018 | 18:29:54 | - GMCBan = 0
24. June 2018 | 18:29:54 | - ServerSideHealth = 1
24. June 2018 | 18:29:54 | - CheckVMPos = 0
24. June 2018 | 18:29:54 | - QuickTurn = 1
24. June 2018 | 18:29:54 | 1 IP-bans have been loaded.
24. June 2018 | 18:29:54 | 0 temporary bans have been loaded.
24. June 2018 | 18:29:54 | 1 whitelist entries have been loaded.
24. June 2018 | 18:29:54 | 4 blacklist entries have been loaded.
24. June 2018 | 18:29:54 | 41 bad words have been loaded.
24. June 2018 | 18:29:54 | 4 forbidden weapons have been loaded.
24. June 2018 | 18:29:54 | JunkBuster has been configurated.
24. June 2018 | 18:29:54 | JunkBuster has successfully been loaded.
24. June 2018 | 18:30:31 | Current JunkBuster configuration:
24. June 2018 | 18:30:31 | - WeaponHack = 1
24. June 2018 | 18:30:31 | - MoneyHack = 1
24. June 2018 | 18:30:31 | - Jetpack = 1
24. June 2018 | 18:30:31 | - HealthHack = 1
24. June 2018 | 18:30:31 | - ArmourHack = 1
24. June 2018 | 18:30:31 | - DriveBy = 2
24. June 2018 | 18:30:31 | - Spam = 0
24. June 2018 | 18:30:31 | - CommandSpam = 0
24. June 2018 | 18:30:31 | - BadWords = 0
24. June 2018 | 18:30:31 | - CarJackHack = 1
24. June 2018 | 18:30:31 | - TeleportHack = 1
24. June 2018 | 18:30:31 | - MaxPing = 1000
24. June 2018 | 18:30:31 | - SpectateHack = 0
24. June 2018 | 18:30:31 | - Blacklist = 1
24. June 2018 | 18:30:31 | - IpBans = 1
24. June 2018 | 18:30:31 | - TempBans = 1
24. June 2018 | 18:30:31 | - SpawnKill = 3
24. June 2018 | 18:30:31 | - CapsLock = 1
24. June 2018 | 18:30:31 | - 3DSpeed = 0
24. June 2018 | 18:30:31 | - MaxSpeed = 230
24. June 2018 | 18:30:31 | - AdminImmunity = 1
24. June 2018 | 18:30:31 | - Advertisement = 1
24. June 2018 | 18:30:31 | - FreezeUpdate = 0
24. June 2018 | 18:30:31 | - SpawnTime = 10
24. June 2018 | 18:30:31 | - CheckpointTeleport = 1
24. June 2018 | 18:30:31 | - Airbreak = 1
24. June 2018 | 18:30:31 | - TankMode = 1
24. June 2018 | 18:30:31 | - WarnPlayers = 0
24. June 2018 | 18:30:31 | - SingleplayerCheats = 1
24. June 2018 | 18:30:31 | - MinFPS = 2
24. June 2018 | 18:30:31 | - DisableBadWeapons = 1
24. June 2018 | 18:30:31 | - CBug = 16
24. June 2018 | 18:30:31 | - AntiBugKill = 1
24. June 2018 | 18:30:31 | - NoReload = 20
24. June 2018 | 18:30:31 | - NoReloadForSawnOff = 4
24. June 2018 | 18:30:31 | - ActiveGMC = 2
24. June 2018 | 18:30:31 | - GMCBan = 0
24. June 2018 | 18:30:31 | - ServerSideHealth = 1
24. June 2018 | 18:30:31 | - CheckVMPos = 0
24. June 2018 | 18:30:31 | - QuickTurn = 1
24. June 2018 | 18:30:31 | 1 IP-bans have been loaded.
24. June 2018 | 18:30:31 | 0 temporary bans have been loaded.
24. June 2018 | 18:30:31 | 1 whitelist entries have been loaded.
24. June 2018 | 18:30:31 | 4 blacklist entries have been loaded.
24. June 2018 | 18:30:31 | 41 bad words have been loaded.
24. June 2018 | 18:30:31 | 4 forbidden weapons have been loaded.
24. June 2018 | 18:30:31 | JunkBuster has been configurated.
24. June 2018 | 18:30:31 | JunkBuster has successfully been loaded.
24. June 2018 | 18:33:00 | Current JunkBuster configuration:
24. June 2018 | 18:33:00 | - WeaponHack = 1
24. June 2018 | 18:33:00 | - MoneyHack = 1
24. June 2018 | 18:33:00 | - Jetpack = 1
24. June 2018 | 18:33:00 | - HealthHack = 1
24. June 2018 | 18:33:00 | - ArmourHack = 1
24. June 2018 | 18:33:00 | - DriveBy = 2
24. June 2018 | 18:33:00 | - Spam = 0
24. June 2018 | 18:33:00 | - CommandSpam = 0
24. June 2018 | 18:33:00 | - BadWords = 0
24. June 2018 | 18:33:00 | - CarJackHack = 1
24. June 2018 | 18:33:00 | - TeleportHack = 1
24. June 2018 | 18:33:00 | - MaxPing = 1000
24. June 2018 | 18:33:00 | - SpectateHack = 0
24. June 2018 | 18:33:00 | - Blacklist = 1
24. June 2018 | 18:33:00 | - IpBans = 1
24. June 2018 | 18:33:00 | - TempBans = 1
24. June 2018 | 18:33:00 | - SpawnKill = 3
24. June 2018 | 18:33:00 | - CapsLock = 1
24. June 2018 | 18:33:00 | - 3DSpeed = 0
24. June 2018 | 18:33:00 | - MaxSpeed = 230
24. June 2018 | 18:33:00 | - AdminImmunity = 1
24. June 2018 | 18:33:00 | - Advertisement = 1
24. June 2018 | 18:33:00 | - FreezeUpdate = 0
24. June 2018 | 18:33:00 | - SpawnTime = 10
24. June 2018 | 18:33:00 | - CheckpointTeleport = 1
24. June 2018 | 18:33:00 | - Airbreak = 1
24. June 2018 | 18:33:00 | - TankMode = 1
24. June 2018 | 18:33:00 | - WarnPlayers = 0
24. June 2018 | 18:33:00 | - SingleplayerCheats = 1
24. June 2018 | 18:33:00 | - MinFPS = 2
24. June 2018 | 18:33:00 | - DisableBadWeapons = 1
24. June 2018 | 18:33:00 | - CBug = 16
24. June 2018 | 18:33:00 | - AntiBugKill = 1
24. June 2018 | 18:33:00 | - NoReload = 20
24. June 2018 | 18:33:00 | - NoReloadForSawnOff = 4
24. June 2018 | 18:33:00 | - ActiveGMC = 2
24. June 2018 | 18:33:00 | - GMCBan = 0
24. June 2018 | 18:33:00 | - ServerSideHealth = 1
24. June 2018 | 18:33:00 | - CheckVMPos = 0
24. June 2018 | 18:33:00 | - QuickTurn = 1
24. June 2018 | 18:33:00 | 1 IP-bans have been loaded.
24. June 2018 | 18:33:00 | 0 temporary bans have been loaded.
24. June 2018 | 18:33:00 | 1 whitelist entries have been loaded.
24. June 2018 | 18:33:00 | 4 blacklist entries have been loaded.
24. June 2018 | 18:33:00 | 41 bad words have been loaded.
24. June 2018 | 18:33:00 | 4 forbidden weapons have been loaded.
24. June 2018 | 18:33:00 | JunkBuster has been configurated.
24. June 2018 | 18:33:00 | JunkBuster has successfully been loaded.
24. June 2018 | 18:43:11 | Current JunkBuster configuration:
24. June 2018 | 18:43:12 | - WeaponHack = 1
24. June 2018 | 18:43:12 | - MoneyHack = 1
24. June 2018 | 18:43:12 | - Jetpack = 1
24. June 2018 | 18:43:12 | - HealthHack = 1
24. June 2018 | 18:43:12 | - ArmourHack = 1
24. June 2018 | 18:43:12 | - DriveBy = 2
24. June 2018 | 18:43:12 | - Spam = 0
24. June 2018 | 18:43:12 | - CommandSpam = 0
24. June 2018 | 18:43:12 | - BadWords = 0
24. June 2018 | 18:43:12 | - CarJackHack = 1
24. June 2018 | 18:43:12 | - TeleportHack = 1
24. June 2018 | 18:43:12 | - MaxPing = 1000
24. June 2018 | 18:43:12 | - SpectateHack = 0
24. June 2018 | 18:43:12 | - Blacklist = 1
24. June 2018 | 18:43:12 | - IpBans = 1
24. June 2018 | 18:43:12 | - TempBans = 1
24. June 2018 | 18:43:12 | - SpawnKill = 3
24. June 2018 | 18:43:12 | - CapsLock = 1
24. June 2018 | 18:43:12 | - 3DSpeed = 0
24. June 2018 | 18:43:12 | - MaxSpeed = 230
24. June 2018 | 18:43:12 | - AdminImmunity = 1
24. June 2018 | 18:43:12 | - Advertisement = 1
24. June 2018 | 18:43:12 | - FreezeUpdate = 0
24. June 2018 | 18:43:12 | - SpawnTime = 10
24. June 2018 | 18:43:12 | - CheckpointTeleport = 1
24. June 2018 | 18:43:12 | - Airbreak = 1
24. June 2018 | 18:43:12 | - TankMode = 1
24. June 2018 | 18:43:12 | - WarnPlayers = 0
24. June 2018 | 18:43:12 | - SingleplayerCheats = 1
24. June 2018 | 18:43:12 | - MinFPS = 2
24. June 2018 | 18:43:12 | - DisableBadWeapons = 1
24. June 2018 | 18:43:12 | - CBug = 16
24. June 2018 | 18:43:12 | - AntiBugKill = 1
24. June 2018 | 18:43:12 | - NoReload = 20
24. June 2018 | 18:43:12 | - NoReloadForSawnOff = 4
24. June 2018 | 18:43:12 | - ActiveGMC = 2
24. June 2018 | 18:43:12 | - GMCBan = 0
24. June 2018 | 18:43:12 | - ServerSideHealth = 1
24. June 2018 | 18:43:12 | - CheckVMPos = 0
24. June 2018 | 18:43:12 | - QuickTurn = 1
24. June 2018 | 18:43:12 | 1 IP-bans have been loaded.
24. June 2018 | 18:43:12 | 0 temporary bans have been loaded.
24. June 2018 | 18:43:12 | 1 whitelist entries have been loaded.
24. June 2018 | 18:43:12 | 4 blacklist entries have been loaded.
24. June 2018 | 18:43:12 | 41 bad words have been loaded.
24. June 2018 | 18:43:12 | 4 forbidden weapons have been loaded.
24. June 2018 | 18:43:12 | JunkBuster has been configurated.
24. June 2018 | 18:43:12 | JunkBuster has successfully been loaded.
24. June 2018 | 18:48:22 | Current JunkBuster configuration:
24. June 2018 | 18:48:22 | - WeaponHack = 1
24. June 2018 | 18:48:22 | - MoneyHack = 1
24. June 2018 | 18:48:22 | - Jetpack = 1
24. June 2018 | 18:48:22 | - HealthHack = 1
24. June 2018 | 18:48:22 | - ArmourHack = 1
24. June 2018 | 18:48:22 | - DriveBy = 2
24. June 2018 | 18:48:22 | - Spam = 0
24. June 2018 | 18:48:22 | - CommandSpam = 0
24. June 2018 | 18:48:22 | - BadWords = 0
24. June 2018 | 18:48:22 | - CarJackHack = 1
24. June 2018 | 18:48:22 | - TeleportHack = 1
24. June 2018 | 18:48:22 | - MaxPing = 1000
24. June 2018 | 18:48:22 | - SpectateHack = 0
24. June 2018 | 18:48:22 | - Blacklist = 1
24. June 2018 | 18:48:22 | - IpBans = 1
24. June 2018 | 18:48:22 | - TempBans = 1
24. June 2018 | 18:48:22 | - SpawnKill = 3
24. June 2018 | 18:48:22 | - CapsLock = 1
24. June 2018 | 18:48:22 | - 3DSpeed = 0
24. June 2018 | 18:48:22 | - MaxSpeed = 230
24. June 2018 | 18:48:22 | - AdminImmunity = 1
24. June 2018 | 18:48:22 | - Advertisement = 1
24. June 2018 | 18:48:22 | - FreezeUpdate = 0
24. June 2018 | 18:48:22 | - SpawnTime = 10
24. June 2018 | 18:48:22 | - CheckpointTeleport = 1
24. June 2018 | 18:48:22 | - Airbreak = 1
24. June 2018 | 18:48:22 | - TankMode = 1
24. June 2018 | 18:48:22 | - WarnPlayers = 0
24. June 2018 | 18:48:22 | - SingleplayerCheats = 1
24. June 2018 | 18:48:22 | - MinFPS = 2
24. June 2018 | 18:48:22 | - DisableBadWeapons = 1
24. June 2018 | 18:48:22 | - CBug = 16
24. June 2018 | 18:48:22 | - AntiBugKill = 1
24. June 2018 | 18:48:22 | - NoReload = 20
24. June 2018 | 18:48:22 | - NoReloadForSawnOff = 4
24. June 2018 | 18:48:22 | - ActiveGMC = 2
24. June 2018 | 18:48:22 | - GMCBan = 0
24. June 2018 | 18:48:22 | - ServerSideHealth = 1
24. June 2018 | 18:48:22 | - CheckVMPos = 0
24. June 2018 | 18:48:22 | - QuickTurn = 1
24. June 2018 | 18:48:22 | 1 IP-bans have been loaded.
24. June 2018 | 18:48:22 | 0 temporary bans have been loaded.
24. June 2018 | 18:48:22 | 1 whitelist entries have been loaded.
24. June 2018 | 18:48:22 | 4 blacklist entries have been loaded.
24. June 2018 | 18:48:22 | 41 bad words have been loaded.
24. June 2018 | 18:48:22 | 4 forbidden weapons have been loaded.
24. June 2018 | 18:48:22 | JunkBuster has been configurated.
24. June 2018 | 18:48:22 | JunkBuster has successfully been loaded.
24. June 2018 | 18:55:39 | Current JunkBuster configuration:
24. June 2018 | 18:55:39 | - WeaponHack = 1
24. June 2018 | 18:55:39 | - MoneyHack = 1
24. June 2018 | 18:55:39 | - Jetpack = 1
24. June 2018 | 18:55:39 | - HealthHack = 1
24. June 2018 | 18:55:39 | - ArmourHack = 1
24. June 2018 | 18:55:39 | - DriveBy = 2
24. June 2018 | 18:55:39 | - Spam = 0
24. June 2018 | 18:55:39 | - CommandSpam = 0
24. June 2018 | 18:55:39 | - BadWords = 0
24. June 2018 | 18:55:39 | - CarJackHack = 1
24. June 2018 | 18:55:39 | - TeleportHack = 1
24. June 2018 | 18:55:39 | - MaxPing = 1000
24. June 2018 | 18:55:39 | - SpectateHack = 0
24. June 2018 | 18:55:39 | - Blacklist = 1
24. June 2018 | 18:55:39 | - IpBans = 1
24. June 2018 | 18:55:39 | - TempBans = 1
24. June 2018 | 18:55:39 | - SpawnKill = 3
24. June 2018 | 18:55:39 | - CapsLock = 1
24. June 2018 | 18:55:39 | - 3DSpeed = 0
24. June 2018 | 18:55:39 | - MaxSpeed = 230
24. June 2018 | 18:55:39 | - AdminImmunity = 1
24. June 2018 | 18:55:39 | - Advertisement = 1
24. June 2018 | 18:55:39 | - FreezeUpdate = 0
24. June 2018 | 18:55:39 | - SpawnTime = 10
24. June 2018 | 18:55:39 | - CheckpointTeleport = 1
24. June 2018 | 18:55:39 | - Airbreak = 1
24. June 2018 | 18:55:39 | - TankMode = 1
24. June 2018 | 18:55:39 | - WarnPlayers = 0
24. June 2018 | 18:55:39 | - SingleplayerCheats = 1
24. June 2018 | 18:55:39 | - MinFPS = 2
24. June 2018 | 18:55:39 | - DisableBadWeapons = 1
24. June 2018 | 18:55:39 | - CBug = 16
24. June 2018 | 18:55:39 | - AntiBugKill = 1
24. June 2018 | 18:55:39 | - NoReload = 20
24. June 2018 | 18:55:39 | - NoReloadForSawnOff = 4
24. June 2018 | 18:55:39 | - ActiveGMC = 2
24. June 2018 | 18:55:39 | - GMCBan = 0
24. June 2018 | 18:55:39 | - ServerSideHealth = 1
24. June 2018 | 18:55:39 | - CheckVMPos = 0
24. June 2018 | 18:55:39 | - QuickTurn = 1
24. June 2018 | 18:55:39 | 1 IP-bans have been loaded.
24. June 2018 | 18:55:39 | 0 temporary bans have been loaded.
24. June 2018 | 18:55:39 | 1 whitelist entries have been loaded.
24. June 2018 | 18:55:39 | 4 blacklist entries have been loaded.
24. June 2018 | 18:55:39 | 41 bad words have been loaded.
24. June 2018 | 18:55:39 | 4 forbidden weapons have been loaded.
24. June 2018 | 18:55:39 | JunkBuster has been configurated.
24. June 2018 | 18:55:39 | JunkBuster has successfully been loaded.
24. June 2018 | 19:06:35 | Current JunkBuster configuration:
24. June 2018 | 19:06:35 | - WeaponHack = 1
24. June 2018 | 19:06:35 | - MoneyHack = 1
24. June 2018 | 19:06:35 | - Jetpack = 1
24. June 2018 | 19:06:35 | - HealthHack = 1
24. June 2018 | 19:06:35 | - ArmourHack = 1
24. June 2018 | 19:06:35 | - DriveBy = 2
24. June 2018 | 19:06:35 | - Spam = 0
24. June 2018 | 19:06:35 | - CommandSpam = 0
24. June 2018 | 19:06:35 | - BadWords = 0
24. June 2018 | 19:06:35 | - CarJackHack = 1
24. June 2018 | 19:06:35 | - TeleportHack = 1
24. June 2018 | 19:06:35 | - MaxPing = 1000
24. June 2018 | 19:06:35 | - SpectateHack = 0
24. June 2018 | 19:06:35 | - Blacklist = 1
24. June 2018 | 19:06:35 | - IpBans = 1
24. June 2018 | 19:06:35 | - TempBans = 1
24. June 2018 | 19:06:35 | - SpawnKill = 3
24. June 2018 | 19:06:35 | - CapsLock = 1
24. June 2018 | 19:06:35 | - 3DSpeed = 0
24. June 2018 | 19:06:35 | - MaxSpeed = 230
24. June 2018 | 19:06:35 | - AdminImmunity = 1
24. June 2018 | 19:06:35 | - Advertisement = 1
24. June 2018 | 19:06:35 | - FreezeUpdate = 0
24. June 2018 | 19:06:35 | - SpawnTime = 10
24. June 2018 | 19:06:35 | - CheckpointTeleport = 1
24. June 2018 | 19:06:35 | - Airbreak = 1
24. June 2018 | 19:06:35 | - TankMode = 1
24. June 2018 | 19:06:35 | - WarnPlayers = 0
24. June 2018 | 19:06:35 | - SingleplayerCheats = 1
24. June 2018 | 19:06:35 | - MinFPS = 2
24. June 2018 | 19:06:35 | - DisableBadWeapons = 1
24. June 2018 | 19:06:35 | - CBug = 16
24. June 2018 | 19:06:35 | - AntiBugKill = 1
24. June 2018 | 19:06:35 | - NoReload = 20
24. June 2018 | 19:06:35 | - NoReloadForSawnOff = 4
24. June 2018 | 19:06:35 | - ActiveGMC = 2
24. June 2018 | 19:06:35 | - GMCBan = 0
24. June 2018 | 19:06:35 | - ServerSideHealth = 1
24. June 2018 | 19:06:35 | - CheckVMPos = 0
24. June 2018 | 19:06:35 | - QuickTurn = 1
24. June 2018 | 19:06:35 | 1 IP-bans have been loaded.
24. June 2018 | 19:06:35 | 0 temporary bans have been loaded.
24. June 2018 | 19:06:35 | 1 whitelist entries have been loaded.
24. June 2018 | 19:06:35 | 4 blacklist entries have been loaded.
24. June 2018 | 19:06:35 | 41 bad words have been loaded.
24. June 2018 | 19:06:35 | 4 forbidden weapons have been loaded.
24. June 2018 | 19:06:35 | JunkBuster has been configurated.
24. June 2018 | 19:06:35 | JunkBuster has successfully been loaded.
24. June 2018 | 19:15:26 | Current JunkBuster configuration:
24. June 2018 | 19:15:26 | - WeaponHack = 1
24. June 2018 | 19:15:26 | - MoneyHack = 1
24. June 2018 | 19:15:26 | - Jetpack = 1
24. June 2018 | 19:15:26 | - HealthHack = 1
24. June 2018 | 19:15:26 | - ArmourHack = 1
24. June 2018 | 19:15:26 | - DriveBy = 2
24. June 2018 | 19:15:26 | - Spam = 1
24. June 2018 | 19:15:26 | - CommandSpam = 1
24. June 2018 | 19:15:26 | - BadWords = 1
24. June 2018 | 19:15:26 | - CarJackHack = 1
24. June 2018 | 19:15:26 | - TeleportHack = 1
24. June 2018 | 19:15:26 | - MaxPing = 500
24. June 2018 | 19:15:26 | - SpectateHack = 1
24. June 2018 | 19:15:26 | - Blacklist = 1
24. June 2018 | 19:15:26 | - IpBans = 1
24. June 2018 | 19:15:26 | - TempBans = 1
24. June 2018 | 19:15:26 | - SpawnKill = 3
24. June 2018 | 19:15:26 | - CapsLock = 1
24. June 2018 | 19:15:26 | - 3DSpeed = 0
24. June 2018 | 19:15:26 | - MaxSpeed = 230
24. June 2018 | 19:15:26 | - AdminImmunity = 1
24. June 2018 | 19:15:26 | - Advertisement = 0
24. June 2018 | 19:15:26 | - FreezeUpdate = 0
24. June 2018 | 19:15:26 | - SpawnTime = 10
24. June 2018 | 19:15:26 | - CheckpointTeleport = 1
24. June 2018 | 19:15:26 | - Airbreak = 1
24. June 2018 | 19:15:26 | - TankMode = 1
24. June 2018 | 19:15:26 | - WarnPlayers = 0
24. June 2018 | 19:15:26 | - SingleplayerCheats = 1
24. June 2018 | 19:15:26 | - MinFPS = 13
24. June 2018 | 19:15:26 | - DisableBadWeapons = 1
24. June 2018 | 19:15:26 | - CBug = 16
24. June 2018 | 19:15:26 | - AntiBugKill = 1
24. June 2018 | 19:15:26 | - NoReload = 20
24. June 2018 | 19:15:26 | - NoReloadForSawnOff = 4
24. June 2018 | 19:15:26 | - ActiveGMC = 2
24. June 2018 | 19:15:26 | - GMCBan = 0
24. June 2018 | 19:15:26 | - ServerSideHealth = 1
24. June 2018 | 19:15:26 | - CheckVMPos = 0
24. June 2018 | 19:15:26 | - QuickTurn = 1
24. June 2018 | 19:15:26 | 0 IP-bans have been loaded.
24. June 2018 | 19:15:26 | 0 temporary bans have been loaded.
24. June 2018 | 19:15:26 | 0 whitelist entries have been loaded.
24. June 2018 | 19:15:26 | 0 blacklist entries have been loaded.
24. June 2018 | 19:15:26 | 0 bad words have been loaded.
24. June 2018 | 19:15:26 | 4 forbidden weapons have been loaded.
24. June 2018 | 19:15:26 | JunkBuster has been configurated.
24. June 2018 | 19:15:26 | JunkBuster has successfully been loaded.
24. June 2018 | 19:26:02 | 0 IP-bans have been loaded.
24. June 2018 | 19:26:02 | 0 temporary bans have been loaded.
24. June 2018 | 19:26:02 | 0 whitelist entries have been loaded.
24. June 2018 | 19:26:02 | 0 blacklist entries have been loaded.
24. June 2018 | 19:26:02 | 0 bad words have been loaded.
24. June 2018 | 19:26:02 | 4 forbidden weapons have been loaded.
24. June 2018 | 19:26:02 | JunkBuster has been configurated.
24. June 2018 | 22:56:34 | 0 IP-bans have been loaded.
24. June 2018 | 22:56:34 | 0 temporary bans have been loaded.
24. June 2018 | 22:56:34 | 0 whitelist entries have been loaded.
24. June 2018 | 22:56:34 | 0 blacklist entries have been loaded.
24. June 2018 | 22:56:34 | 0 bad words have been loaded.
24. June 2018 | 22:56:34 | 4 forbidden weapons have been loaded.
24. June 2018 | 22:56:34 | JunkBuster has been configurated.
24. June 2018 | 23:13:28 | 0 IP-bans have been loaded.
24. June 2018 | 23:13:28 | 0 temporary bans have been loaded.
24. June 2018 | 23:13:28 | 0 whitelist entries have been loaded.
24. June 2018 | 23:13:28 | 0 blacklist entries have been loaded.
24. June 2018 | 23:13:28 | 0 bad words have been loaded.
24. June 2018 | 23:13:28 | 4 forbidden weapons have been loaded.
24. June 2018 | 23:13:28 | JunkBuster has been configurated.
25. June 2018 | 00:00:34 | 0 IP-bans have been loaded.
25. June 2018 | 00:00:34 | 0 temporary bans have been loaded.
25. June 2018 | 00:00:34 | 0 whitelist entries have been loaded.
25. June 2018 | 00:00:34 | 0 blacklist entries have been loaded.
25. June 2018 | 00:00:34 | 0 bad words have been loaded.
25. June 2018 | 00:00:34 | 4 forbidden weapons have been loaded.
25. June 2018 | 00:00:34 | JunkBuster has been configurated.
25. June 2018 | 00:07:02 | 0 IP-bans have been loaded.
25. June 2018 | 00:07:02 | 0 temporary bans have been loaded.
25. June 2018 | 00:07:02 | 0 whitelist entries have been loaded.
25. June 2018 | 00:07:02 | 0 blacklist entries have been loaded.
25. June 2018 | 00:07:02 | 0 bad words have been loaded.
25. June 2018 | 00:07:02 | 4 forbidden weapons have been loaded.
25. June 2018 | 00:07:02 | JunkBuster has been configurated.
25. June 2018 | 00:15:46 | 0 IP-bans have been loaded.
25. June 2018 | 00:15:46 | 0 temporary bans have been loaded.
25. June 2018 | 00:15:46 | 0 whitelist entries have been loaded.
25. June 2018 | 00:15:46 | 0 blacklist entries have been loaded.
25. June 2018 | 00:15:46 | 0 bad words have been loaded.
25. June 2018 | 00:15:46 | 4 forbidden weapons have been loaded.
25. June 2018 | 00:15:46 | JunkBuster has been configurated.
25. June 2018 | 00:24:07 | 0 IP-bans have been loaded.
25. June 2018 | 00:24:07 | 0 temporary bans have been loaded.
25. June 2018 | 00:24:07 | 0 whitelist entries have been loaded.
25. June 2018 | 00:24:07 | 0 blacklist entries have been loaded.
25. June 2018 | 00:24:07 | 0 bad words have been loaded.
25. June 2018 | 00:24:07 | 4 forbidden weapons have been loaded.
25. June 2018 | 00:24:07 | JunkBuster has been configurated.
25. June 2018 | 00:27:32 | 0 IP-bans have been loaded.
25. June 2018 | 00:27:32 | 0 temporary bans have been loaded.
25. June 2018 | 00:27:32 | 0 whitelist entries have been loaded.
25. June 2018 | 00:27:32 | 0 blacklist entries have been loaded.
25. June 2018 | 00:27:32 | 0 bad words have been loaded.
25. June 2018 | 00:27:32 | 4 forbidden weapons have been loaded.
25. June 2018 | 00:27:32 | JunkBuster has been configurated.
25. June 2018 | 09:54:13 | 0 IP-bans have been loaded.
25. June 2018 | 09:54:13 | 0 temporary bans have been loaded.
25. June 2018 | 09:54:13 | 0 whitelist entries have been loaded.
25. June 2018 | 09:54:13 | 0 blacklist entries have been loaded.
25. June 2018 | 09:54:13 | 0 bad words have been loaded.
25. June 2018 | 09:54:13 | 4 forbidden weapons have been loaded.
25. June 2018 | 09:54:13 | JunkBuster has been configurated.
25. June 2018 | 10:09:44 | 0 IP-bans have been loaded.
25. June 2018 | 10:09:44 | 0 temporary bans have been loaded.
25. June 2018 | 10:09:44 | 0 whitelist entries have been loaded.
25. June 2018 | 10:09:44 | 0 blacklist entries have been loaded.
25. June 2018 | 10:09:44 | 0 bad words have been loaded.
25. June 2018 | 10:09:44 | 4 forbidden weapons have been loaded.
25. June 2018 | 10:09:44 | JunkBuster has been configurated.
29. June 2018 | 17:13:53 | 0 IP-bans have been loaded.
29. June 2018 | 17:13:53 | 0 temporary bans have been loaded.
29. June 2018 | 17:13:53 | 0 whitelist entries have been loaded.
29. June 2018 | 17:13:53 | 0 blacklist entries have been loaded.
29. June 2018 | 17:13:53 | 0 bad words have been loaded.
29. June 2018 | 17:13:53 | 4 forbidden weapons have been loaded.
29. June 2018 | 17:13:53 | JunkBuster has been configurated.
30. June 2018 | 23:37:54 | 0 IP-bans have been loaded.
30. June 2018 | 23:37:54 | 0 temporary bans have been loaded.
30. June 2018 | 23:37:54 | 0 whitelist entries have been loaded.
30. June 2018 | 23:37:54 | 0 blacklist entries have been loaded.
30. June 2018 | 23:37:54 | 0 bad words have been loaded.
30. June 2018 | 23:37:54 | 4 forbidden weapons have been loaded.
30. June 2018 | 23:37:54 | JunkBuster has been configurated.
30. June 2018 | 23:58:49 | 0 IP-bans have been loaded.
30. June 2018 | 23:58:49 | 0 temporary bans have been loaded.
30. June 2018 | 23:58:49 | 0 whitelist entries have been loaded.
30. June 2018 | 23:58:49 | 0 blacklist entries have been loaded.
30. June 2018 | 23:58:49 | 0 bad words have been loaded.
30. June 2018 | 23:58:49 | 4 forbidden weapons have been loaded.
30. June 2018 | 23:58:49 | JunkBuster has been configurated.
1. July 2018 | 00:09:42 | 0 IP-bans have been loaded.
1. July 2018 | 00:09:42 | 0 temporary bans have been loaded.
1. July 2018 | 00:09:42 | 0 whitelist entries have been loaded.
1. July 2018 | 00:09:42 | 0 blacklist entries have been loaded.
1. July 2018 | 00:09:42 | 0 bad words have been loaded.
1. July 2018 | 00:09:42 | 4 forbidden weapons have been loaded.
1. July 2018 | 00:09:42 | JunkBuster has been configurated.
1. July 2018 | 00:13:29 | 0 IP-bans have been loaded.
1. July 2018 | 00:13:29 | 0 temporary bans have been loaded.
1. July 2018 | 00:13:29 | 0 whitelist entries have been loaded.
1. July 2018 | 00:13:29 | 0 blacklist entries have been loaded.
1. July 2018 | 00:13:29 | 0 bad words have been loaded.
1. July 2018 | 00:13:29 | 4 forbidden weapons have been loaded.
1. July 2018 | 00:13:29 | JunkBuster has been configurated.
4. July 2018 | 12:50:00 | 0 IP-bans have been loaded.
4. July 2018 | 12:50:00 | 0 temporary bans have been loaded.
4. July 2018 | 12:50:00 | 0 whitelist entries have been loaded.
4. July 2018 | 12:50:00 | 0 blacklist entries have been loaded.
4. July 2018 | 12:50:00 | 0 bad words have been loaded.
4. July 2018 | 12:50:00 | 4 forbidden weapons have been loaded.
4. July 2018 | 12:50:00 | JunkBuster has been configurated.
4. July 2018 | 12:53:50 | 0 IP-bans have been loaded.
4. July 2018 | 12:53:50 | 0 temporary bans have been loaded.
4. July 2018 | 12:53:50 | 0 whitelist entries have been loaded.
4. July 2018 | 12:53:50 | 0 blacklist entries have been loaded.
4. July 2018 | 12:53:50 | 0 bad words have been loaded.
4. July 2018 | 12:53:50 | 4 forbidden weapons have been loaded.
4. July 2018 | 12:53:50 | JunkBuster has been configurated.
5. July 2018 | 23:23:12 | 0 IP-bans have been loaded.
5. July 2018 | 23:23:12 | 0 temporary bans have been loaded.
5. July 2018 | 23:23:12 | 0 whitelist entries have been loaded.
5. July 2018 | 23:23:12 | 0 blacklist entries have been loaded.
5. July 2018 | 23:23:12 | 0 bad words have been loaded.
5. July 2018 | 23:23:12 | 4 forbidden weapons have been loaded.
5. July 2018 | 23:23:12 | JunkBuster has been configurated.
6. July 2018 | 00:02:29 | 0 IP-bans have been loaded.
6. July 2018 | 00:02:29 | 0 temporary bans have been loaded.
6. July 2018 | 00:02:29 | 0 whitelist entries have been loaded.
6. July 2018 | 00:02:29 | 0 blacklist entries have been loaded.
6. July 2018 | 00:02:29 | 0 bad words have been loaded.
6. July 2018 | 00:02:29 | 4 forbidden weapons have been loaded.
6. July 2018 | 00:02:29 | JunkBuster has been configurated.
7. July 2018 | 18:51:12 | 0 IP-bans have been loaded.
7. July 2018 | 18:51:12 | 0 temporary bans have been loaded.
7. July 2018 | 18:51:12 | 0 whitelist entries have been loaded.
7. July 2018 | 18:51:12 | 0 blacklist entries have been loaded.
7. July 2018 | 18:51:12 | 0 bad words have been loaded.
7. July 2018 | 18:51:12 | 4 forbidden weapons have been loaded.
7. July 2018 | 18:51:12 | JunkBuster has been configurated.
12. July 2018 | 20:18:29 | 0 IP-bans have been loaded.
12. July 2018 | 20:18:29 | 0 temporary bans have been loaded.
12. July 2018 | 20:18:29 | 0 whitelist entries have been loaded.
12. July 2018 | 20:18:29 | 0 blacklist entries have been loaded.
12. July 2018 | 20:18:29 | 0 bad words have been loaded.
12. July 2018 | 20:18:29 | 4 forbidden weapons have been loaded.
12. July 2018 | 20:18:29 | JunkBuster has been configurated.
11. August 2018 | 21:51:44 | 0 IP-bans have been loaded.
11. August 2018 | 21:51:44 | 0 temporary bans have been loaded.
11. August 2018 | 21:51:44 | 0 whitelist entries have been loaded.
11. August 2018 | 21:51:44 | 0 blacklist entries have been loaded.
11. August 2018 | 21:51:44 | 0 bad words have been loaded.
11. August 2018 | 21:51:44 | 4 forbidden weapons have been loaded.
11. August 2018 | 21:51:44 | JunkBuster has been configurated.
11. August 2018 | 22:06:41 | 0 IP-bans have been loaded.
11. August 2018 | 22:06:41 | 0 temporary bans have been loaded.
11. August 2018 | 22:06:41 | 0 whitelist entries have been loaded.
11. August 2018 | 22:06:41 | 0 blacklist entries have been loaded.
11. August 2018 | 22:06:41 | 0 bad words have been loaded.
11. August 2018 | 22:06:41 | 4 forbidden weapons have been loaded.
11. August 2018 | 22:06:41 | JunkBuster has been configurated.
11. August 2018 | 21:21:03 | 0 IP-bans have been loaded.
11. August 2018 | 21:21:03 | 0 temporary bans have been loaded.
11. August 2018 | 21:21:03 | 0 whitelist entries have been loaded.
11. August 2018 | 21:21:03 | 0 blacklist entries have been loaded.
11. August 2018 | 21:21:03 | 0 bad words have been loaded.
11. August 2018 | 21:21:03 | 4 forbidden weapons have been loaded.
11. August 2018 | 21:21:03 | JunkBuster has been configurated.
15. August 2018 | 09:08:42 | 0 IP-bans have been loaded.
15. August 2018 | 09:08:42 | 0 temporary bans have been loaded.
15. August 2018 | 09:08:42 | 0 whitelist entries have been loaded.
15. August 2018 | 09:08:42 | 0 blacklist entries have been loaded.
15. August 2018 | 09:08:42 | 0 bad words have been loaded.
15. August 2018 | 09:08:42 | 4 forbidden weapons have been loaded.
15. August 2018 | 09:08:42 | JunkBuster has been configurated.
15. August 2018 | 10:54:33 | 0 IP-bans have been loaded.
15. August 2018 | 10:54:33 | 0 temporary bans have been loaded.
15. August 2018 | 10:54:33 | 0 whitelist entries have been loaded.
15. August 2018 | 10:54:33 | 0 blacklist entries have been loaded.
15. August 2018 | 10:54:33 | 0 bad words have been loaded.
15. August 2018 | 10:54:33 | 4 forbidden weapons have been loaded.
15. August 2018 | 10:54:33 | JunkBuster has been configurated.
15. August 2018 | 11:11:31 | 0 IP-bans have been loaded.
15. August 2018 | 11:11:31 | 0 temporary bans have been loaded.
15. August 2018 | 11:11:31 | 0 whitelist entries have been loaded.
15. August 2018 | 11:11:31 | 0 blacklist entries have been loaded.
15. August 2018 | 11:11:31 | 0 bad words have been loaded.
15. August 2018 | 11:11:31 | 4 forbidden weapons have been loaded.
15. August 2018 | 11:11:31 | JunkBuster has been configurated.
15. August 2018 | 11:13:28 | Resetting player classes.
11. Octobre 2018 | 12:13:32 | 0 IP-bans have been loaded.
11. Octobre 2018 | 12:13:32 | 0 temporary bans have been loaded.
11. Octobre 2018 | 12:13:32 | 0 whitelist entries have been loaded.
11. Octobre 2018 | 12:13:32 | 0 blacklist entries have been loaded.
11. Octobre 2018 | 12:13:32 | 0 bad words have been loaded.
11. Octobre 2018 | 12:13:32 | 4 forbidden weapons have been loaded.
11. Octobre 2018 | 12:13:32 | JunkBuster has been configurated.
11. Octobre 2018 | 12:37:47 | 0 IP-bans have been loaded.
11. Octobre 2018 | 12:37:47 | 0 temporary bans have been loaded.
11. Octobre 2018 | 12:37:47 | 0 whitelist entries have been loaded.
11. Octobre 2018 | 12:37:47 | 0 blacklist entries have been loaded.
11. Octobre 2018 | 12:37:47 | 0 bad words have been loaded.
11. Octobre 2018 | 12:37:47 | 4 forbidden weapons have been loaded.
11. Octobre 2018 | 12:37:47 | JunkBuster has been configurated.
11. Octobre 2018 | 15:04:11 | 0 IP-bans have been loaded.
11. Octobre 2018 | 15:04:11 | 0 temporary bans have been loaded.
11. Octobre 2018 | 15:04:11 | 0 whitelist entries have been loaded.
11. Octobre 2018 | 15:04:11 | 0 blacklist entries have been loaded.
11. Octobre 2018 | 15:04:11 | 0 bad words have been loaded.
11. Octobre 2018 | 15:04:11 | 4 forbidden weapons have been loaded.
11. Octobre 2018 | 15:04:11 | JunkBuster has been configurated.
11. Octobre 2018 | 15:19:59 | 0 IP-bans have been loaded.
11. Octobre 2018 | 15:19:59 | 0 temporary bans have been loaded.
11. Octobre 2018 | 15:19:59 | 0 whitelist entries have been loaded.
11. Octobre 2018 | 15:19:59 | 0 blacklist entries have been loaded.
11. Octobre 2018 | 15:19:59 | 0 bad words have been loaded.
11. Octobre 2018 | 15:19:59 | 4 forbidden weapons have been loaded.
11. Octobre 2018 | 15:19:59 | JunkBuster has been configurated.
11. Octobre 2018 | 15:26:55 | 0 IP-bans have been loaded.
11. Octobre 2018 | 15:26:55 | 0 temporary bans have been loaded.
11. Octobre 2018 | 15:26:55 | 0 whitelist entries have been loaded.
11. Octobre 2018 | 15:26:55 | 0 blacklist entries have been loaded.
11. Octobre 2018 | 15:26:55 | 0 bad words have been loaded.
11. Octobre 2018 | 15:26:55 | 4 forbidden weapons have been loaded.
11. Octobre 2018 | 15:26:55 | JunkBuster has been configurated.
11. Octobre 2018 | 15:41:03 | 0 IP-bans have been loaded.
11. Octobre 2018 | 15:41:03 | 0 temporary bans have been loaded.
11. Octobre 2018 | 15:41:03 | 0 whitelist entries have been loaded.
11. Octobre 2018 | 15:41:03 | 0 blacklist entries have been loaded.
11. Octobre 2018 | 15:41:03 | 0 bad words have been loaded.
11. Octobre 2018 | 15:41:03 | 4 forbidden weapons have been loaded.
11. Octobre 2018 | 15:41:03 | JunkBuster has been configurated.
12. Octobre 2018 | 00:59:15 | 0 IP-bans have been loaded.
12. Octobre 2018 | 00:59:15 | 0 temporary bans have been loaded.
12. Octobre 2018 | 00:59:15 | 0 whitelist entries have been loaded.
12. Octobre 2018 | 00:59:15 | 0 blacklist entries have been loaded.
12. Octobre 2018 | 00:59:15 | 0 bad words have been loaded.
12. Octobre 2018 | 00:59:15 | 4 forbidden weapons have been loaded.
12. Octobre 2018 | 00:59:15 | JunkBuster has been configurated.
12. Octobre 2018 | 01:00:50 | 0 IP-bans have been loaded.
12. Octobre 2018 | 01:00:50 | 0 temporary bans have been loaded.
12. Octobre 2018 | 01:00:50 | 0 whitelist entries have been loaded.
12. Octobre 2018 | 01:00:50 | 0 blacklist entries have been loaded.
12. Octobre 2018 | 01:00:50 | 0 bad words have been loaded.
12. Octobre 2018 | 01:00:50 | 4 forbidden weapons have been loaded.
12. Octobre 2018 | 01:00:50 | JunkBuster has been configurated.
12. Octobre 2018 | 01:07:23 | 0 IP-bans have been loaded.
12. Octobre 2018 | 01:07:23 | 0 temporary bans have been loaded.
12. Octobre 2018 | 01:07:23 | 0 whitelist entries have been loaded.
12. Octobre 2018 | 01:07:23 | 0 blacklist entries have been loaded.
12. Octobre 2018 | 01:07:23 | 0 bad words have been loaded.
12. Octobre 2018 | 01:07:23 | 4 forbidden weapons have been loaded.
12. Octobre 2018 | 01:07:23 | JunkBuster has been configurated.
12. Octobre 2018 | 01:13:34 | 0 IP-bans have been loaded.
12. Octobre 2018 | 01:13:34 | 0 temporary bans have been loaded.
12. Octobre 2018 | 01:13:34 | 0 whitelist entries have been loaded.
12. Octobre 2018 | 01:13:34 | 0 blacklist entries have been loaded.
12. Octobre 2018 | 01:13:34 | 0 bad words have been loaded.
12. Octobre 2018 | 01:13:34 | 4 forbidden weapons have been loaded.
12. Octobre 2018 | 01:13:34 | JunkBuster has been configurated.
12. Octobre 2018 | 01:38:40 | 0 IP-bans have been loaded.
12. Octobre 2018 | 01:38:40 | 0 temporary bans have been loaded.
12. Octobre 2018 | 01:38:40 | 0 whitelist entries have been loaded.
12. Octobre 2018 | 01:38:40 | 0 blacklist entries have been loaded.
12. Octobre 2018 | 01:38:40 | 0 bad words have been loaded.
12. Octobre 2018 | 01:38:40 | 4 forbidden weapons have been loaded.
12. Octobre 2018 | 01:38:40 | JunkBuster has been configurated.
12. Octobre 2018 | 02:06:29 | 0 IP-bans have been loaded.
12. Octobre 2018 | 02:06:29 | 0 temporary bans have been loaded.
12. Octobre 2018 | 02:06:29 | 0 whitelist entries have been loaded.
12. Octobre 2018 | 02:06:29 | 0 blacklist entries have been loaded.
12. Octobre 2018 | 02:06:29 | 0 bad words have been loaded.
12. Octobre 2018 | 02:06:29 | 4 forbidden weapons have been loaded.
12. Octobre 2018 | 02:06:29 | JunkBuster has been configurated.
12. Octobre 2018 | 02:14:32 | 0 IP-bans have been loaded.
12. Octobre 2018 | 02:14:32 | 0 temporary bans have been loaded.
12. Octobre 2018 | 02:14:32 | 0 whitelist entries have been loaded.
12. Octobre 2018 | 02:14:32 | 0 blacklist entries have been loaded.
12. Octobre 2018 | 02:14:32 | 0 bad words have been loaded.
12. Octobre 2018 | 02:14:32 | 4 forbidden weapons have been loaded.
12. Octobre 2018 | 02:14:32 | JunkBuster has been configurated.
12. Octobre 2018 | 02:22:12 | 0 IP-bans have been loaded.
12. Octobre 2018 | 02:22:12 | 0 temporary bans have been loaded.
12. Octobre 2018 | 02:22:12 | 0 whitelist entries have been loaded.
12. Octobre 2018 | 02:22:12 | 0 blacklist entries have been loaded.
12. Octobre 2018 | 02:22:12 | 0 bad words have been loaded.
12. Octobre 2018 | 02:22:12 | 4 forbidden weapons have been loaded.
12. Octobre 2018 | 02:22:12 | JunkBuster has been configurated.
12. Octobre 2018 | 02:40:32 | Resetting player classes.
12. Octobre 2018 | 02:40:49 | 0 IP-bans have been loaded.
12. Octobre 2018 | 02:40:49 | 0 temporary bans have been loaded.
12. Octobre 2018 | 02:40:49 | 0 whitelist entries have been loaded.
12. Octobre 2018 | 02:40:49 | 0 blacklist entries have been loaded.
12. Octobre 2018 | 02:40:49 | 0 bad words have been loaded.
12. Octobre 2018 | 02:40:49 | 4 forbidden weapons have been loaded.
12. Octobre 2018 | 02:40:49 | JunkBuster has been configurated.
12. Octobre 2018 | 03:23:48 | Resetting player classes.
12. Octobre 2018 | 05:51:40 | 0 IP-bans have been loaded.
12. Octobre 2018 | 05:51:40 | 0 temporary bans have been loaded.
12. Octobre 2018 | 05:51:40 | 0 whitelist entries have been loaded.
12. Octobre 2018 | 05:51:40 | 0 blacklist entries have been loaded.
12. Octobre 2018 | 05:51:40 | 0 bad words have been loaded.
12. Octobre 2018 | 05:51:40 | 4 forbidden weapons have been loaded.
12. Octobre 2018 | 05:51:40 | JunkBuster has been configurated.
